{"/Users/Artyom_Vetlugin/AVPetProjects/ClosetAssistant/postcss.config.js": {"path":"/Users/Artyom_Vetlugin/AVPetProjects/ClosetAssistant/postcss.config.js","all":true,"statementMap":{"0":{"start":{"line":1,"column":0},"end":{"line":1,"column":16}},"1":{"start":{"line":2,"column":0},"end":{"line":2,"column":12}},"2":{"start":{"line":3,"column":0},"end":{"line":3,"column":20}},"3":{"start":{"line":4,"column":0},"end":{"line":4,"column":21}},"4":{"start":{"line":5,"column":0},"end":{"line":5,"column":4}},"5":{"start":{"line":6,"column":0},"end":{"line":6,"column":1}}},"s":{"0":0,"1":0,"2":0,"3":0,"4":0,"5":0},"branchMap":{"0":{"type":"branch","line":1,"loc":{"start":{"line":1,"column":79},"end":{"line":6,"column":1}},"locations":[{"start":{"line":1,"column":79},"end":{"line":6,"column":1}}]}},"b":{"0":[0]},"fnMap":{"0":{"name":"(empty-report)","decl":{"start":{"line":1,"column":79},"end":{"line":6,"column":1}},"loc":{"start":{"line":1,"column":79},"end":{"line":6,"column":1}},"line":1}},"f":{"0":0}}
,"/Users/Artyom_Vetlugin/AVPetProjects/ClosetAssistant/tailwind.config.js": {"path":"/Users/Artyom_Vetlugin/AVPetProjects/ClosetAssistant/tailwind.config.js","all":true,"statementMap":{"0":{"start":{"line":1,"column":0},"end":{"line":1,"column":43}},"1":{"start":{"line":2,"column":0},"end":{"line":2,"column":16}},"2":{"start":{"line":3,"column":0},"end":{"line":3,"column":12}},"3":{"start":{"line":4,"column":0},"end":{"line":4,"column":19}},"4":{"start":{"line":5,"column":0},"end":{"line":5,"column":33}},"5":{"start":{"line":6,"column":0},"end":{"line":6,"column":4}},"6":{"start":{"line":7,"column":0},"end":{"line":7,"column":10}},"7":{"start":{"line":8,"column":0},"end":{"line":8,"column":13}},"8":{"start":{"line":9,"column":0},"end":{"line":9,"column":15}},"9":{"start":{"line":10,"column":0},"end":{"line":10,"column":18}},"10":{"start":{"line":11,"column":0},"end":{"line":11,"column":24}},"11":{"start":{"line":12,"column":0},"end":{"line":12,"column":25}},"12":{"start":{"line":13,"column":0},"end":{"line":13,"column":25}},"13":{"start":{"line":14,"column":0},"end":{"line":14,"column":25}},"14":{"start":{"line":15,"column":0},"end":{"line":15,"column":9}},"15":{"start":{"line":16,"column":0},"end":{"line":16,"column":7}},"16":{"start":{"line":17,"column":0},"end":{"line":17,"column":6}},"17":{"start":{"line":18,"column":0},"end":{"line":18,"column":4}},"18":{"start":{"line":19,"column":0},"end":{"line":19,"column":14}},"19":{"start":{"line":20,"column":0},"end":{"line":20,"column":1}}},"s":{"0":0,"1":0,"2":0,"3":0,"4":0,"5":0,"6":0,"7":0,"8":0,"9":0,"10":0,"11":0,"12":0,"13":0,"14":0,"15":0,"16":0,"17":0,"18":0,"19":0},"branchMap":{"0":{"type":"branch","line":1,"loc":{"start":{"line":1,"column":342},"end":{"line":20,"column":1}},"locations":[{"start":{"line":1,"column":342},"end":{"line":20,"column":1}}]}},"b":{"0":[0]},"fnMap":{"0":{"name":"(empty-report)","decl":{"start":{"line":1,"column":342},"end":{"line":20,"column":1}},"loc":{"start":{"line":1,"column":342},"end":{"line":20,"column":1}},"line":1}},"f":{"0":0}}
,"/Users/Artyom_Vetlugin/AVPetProjects/ClosetAssistant/src/App.tsx": {"path":"/Users/Artyom_Vetlugin/AVPetProjects/ClosetAssistant/src/App.tsx","all":true,"statementMap":{"0":{"start":{"line":1,"column":0},"end":{"line":1,"column":74}},"1":{"start":{"line":2,"column":0},"end":{"line":2,"column":54}},"2":{"start":{"line":3,"column":0},"end":{"line":3,"column":41}},"3":{"start":{"line":4,"column":0},"end":{"line":4,"column":57}},"4":{"start":{"line":5,"column":0},"end":{"line":5,"column":42}},"5":{"start":{"line":6,"column":0},"end":{"line":6,"column":38}},"6":{"start":{"line":7,"column":0},"end":{"line":7,"column":40}},"7":{"start":{"line":8,"column":0},"end":{"line":8,"column":46}},"8":{"start":{"line":9,"column":0},"end":{"line":9,"column":48}},"9":{"start":{"line":10,"column":0},"end":{"line":10,"column":38}},"10":{"start":{"line":11,"column":0},"end":{"line":11,"column":34}},"11":{"start":{"line":12,"column":0},"end":{"line":12,"column":36}},"12":{"start":{"line":13,"column":0},"end":{"line":13,"column":19}},"14":{"start":{"line":15,"column":0},"end":{"line":15,"column":16}},"15":{"start":{"line":16,"column":0},"end":{"line":16,"column":10}},"16":{"start":{"line":17,"column":0},"end":{"line":17,"column":48}},"17":{"start":{"line":18,"column":0},"end":{"line":18,"column":20}},"18":{"start":{"line":19,"column":0},"end":{"line":19,"column":16}},"20":{"start":{"line":21,"column":0},"end":{"line":21,"column":53}},"21":{"start":{"line":22,"column":0},"end":{"line":22,"column":55}},"24":{"start":{"line":25,"column":0},"end":{"line":25,"column":36}},"25":{"start":{"line":26,"column":0},"end":{"line":26,"column":28}},"26":{"start":{"line":27,"column":0},"end":{"line":27,"column":22}},"27":{"start":{"line":28,"column":0},"end":{"line":28,"column":24}},"28":{"start":{"line":29,"column":0},"end":{"line":29,"column":60}},"29":{"start":{"line":30,"column":0},"end":{"line":30,"column":66}},"30":{"start":{"line":31,"column":0},"end":{"line":31,"column":67}},"31":{"start":{"line":32,"column":0},"end":{"line":32,"column":73}},"32":{"start":{"line":33,"column":0},"end":{"line":33,"column":65}},"33":{"start":{"line":34,"column":0},"end":{"line":34,"column":68}},"34":{"start":{"line":35,"column":0},"end":{"line":35,"column":25}},"35":{"start":{"line":36,"column":0},"end":{"line":36,"column":23}},"36":{"start":{"line":37,"column":0},"end":{"line":37,"column":29}},"37":{"start":{"line":38,"column":0},"end":{"line":38,"column":14}},"38":{"start":{"line":39,"column":0},"end":{"line":39,"column":17}},"39":{"start":{"line":40,"column":0},"end":{"line":40,"column":21}},"40":{"start":{"line":41,"column":0},"end":{"line":41,"column":13}},"42":{"start":{"line":43,"column":0},"end":{"line":43,"column":1}},"44":{"start":{"line":45,"column":0},"end":{"line":45,"column":19}}},"s":{"0":0,"1":0,"2":0,"3":0,"4":0,"5":0,"6":0,"7":0,"8":0,"9":0,"10":0,"11":0,"12":0,"14":0,"15":0,"16":0,"17":0,"18":0,"20":0,"21":0,"24":0,"25":0,"26":0,"27":0,"28":0,"29":0,"30":0,"31":0,"32":0,"33":0,"34":0,"35":0,"36":0,"37":0,"38":0,"39":0,"40":0,"42":0,"44":0},"branchMap":{"0":{"type":"branch","line":1,"loc":{"start":{"line":1,"column":1579},"end":{"line":45,"column":19}},"locations":[{"start":{"line":1,"column":1579},"end":{"line":45,"column":19}}]}},"b":{"0":[0]},"fnMap":{"0":{"name":"(empty-report)","decl":{"start":{"line":1,"column":1579},"end":{"line":45,"column":19}},"loc":{"start":{"line":1,"column":1579},"end":{"line":45,"column":19}},"line":1}},"f":{"0":0}}
,"/Users/Artyom_Vetlugin/AVPetProjects/ClosetAssistant/src/i18n.ts": {"path":"/Users/Artyom_Vetlugin/AVPetProjects/ClosetAssistant/src/i18n.ts","all":false,"statementMap":{"0":{"start":{"line":1,"column":0},"end":{"line":1,"column":27}},"1":{"start":{"line":2,"column":0},"end":{"line":2,"column":49}},"2":{"start":{"line":3,"column":0},"end":{"line":3,"column":64}},"4":{"start":{"line":5,"column":0},"end":{"line":5,"column":19}},"5":{"start":{"line":6,"column":0},"end":{"line":6,"column":7}},"6":{"start":{"line":7,"column":0},"end":{"line":7,"column":13}},"7":{"start":{"line":8,"column":0},"end":{"line":8,"column":34}},"8":{"start":{"line":9,"column":0},"end":{"line":9,"column":26}},"9":{"start":{"line":10,"column":0},"end":{"line":10,"column":28}},"10":{"start":{"line":11,"column":0},"end":{"line":11,"column":28}},"11":{"start":{"line":12,"column":0},"end":{"line":12,"column":23}},"12":{"start":{"line":13,"column":0},"end":{"line":13,"column":19}},"13":{"start":{"line":14,"column":0},"end":{"line":14,"column":23}},"14":{"start":{"line":15,"column":0},"end":{"line":15,"column":49}},"15":{"start":{"line":16,"column":0},"end":{"line":16,"column":28}},"16":{"start":{"line":17,"column":0},"end":{"line":17,"column":25}},"17":{"start":{"line":18,"column":0},"end":{"line":18,"column":14}},"18":{"start":{"line":19,"column":0},"end":{"line":19,"column":19}},"19":{"start":{"line":20,"column":0},"end":{"line":20,"column":25}},"20":{"start":{"line":21,"column":0},"end":{"line":21,"column":23}},"21":{"start":{"line":22,"column":0},"end":{"line":22,"column":31}},"22":{"start":{"line":23,"column":0},"end":{"line":23,"column":23}},"23":{"start":{"line":24,"column":0},"end":{"line":24,"column":31}},"24":{"start":{"line":25,"column":0},"end":{"line":25,"column":8}},"25":{"start":{"line":26,"column":0},"end":{"line":26,"column":15}},"26":{"start":{"line":27,"column":0},"end":{"line":27,"column":23}},"27":{"start":{"line":28,"column":0},"end":{"line":28,"column":23}},"28":{"start":{"line":29,"column":0},"end":{"line":29,"column":21}},"29":{"start":{"line":30,"column":0},"end":{"line":30,"column":21}},"30":{"start":{"line":31,"column":0},"end":{"line":31,"column":19}},"31":{"start":{"line":32,"column":0},"end":{"line":32,"column":23}},"32":{"start":{"line":33,"column":0},"end":{"line":33,"column":25}},"33":{"start":{"line":34,"column":0},"end":{"line":34,"column":21}},"34":{"start":{"line":35,"column":0},"end":{"line":35,"column":25}},"35":{"start":{"line":36,"column":0},"end":{"line":36,"column":23}},"36":{"start":{"line":37,"column":0},"end":{"line":37,"column":25}},"37":{"start":{"line":38,"column":0},"end":{"line":38,"column":21}},"38":{"start":{"line":39,"column":0},"end":{"line":39,"column":23}},"39":{"start":{"line":40,"column":0},"end":{"line":40,"column":8}},"40":{"start":{"line":41,"column":0},"end":{"line":41,"column":16}},"41":{"start":{"line":42,"column":0},"end":{"line":42,"column":25}},"42":{"start":{"line":43,"column":0},"end":{"line":43,"column":25}},"43":{"start":{"line":44,"column":0},"end":{"line":44,"column":21}},"44":{"start":{"line":45,"column":0},"end":{"line":45,"column":25}},"45":{"start":{"line":46,"column":0},"end":{"line":46,"column":8}},"46":{"start":{"line":47,"column":0},"end":{"line":47,"column":6}},"47":{"start":{"line":48,"column":0},"end":{"line":48,"column":17}},"48":{"start":{"line":49,"column":0},"end":{"line":49,"column":28}},"49":{"start":{"line":50,"column":0},"end":{"line":50,"column":28}},"50":{"start":{"line":51,"column":0},"end":{"line":51,"column":32}},"51":{"start":{"line":52,"column":0},"end":{"line":52,"column":36}},"52":{"start":{"line":53,"column":0},"end":{"line":53,"column":43}},"53":{"start":{"line":54,"column":0},"end":{"line":54,"column":34}},"54":{"start":{"line":55,"column":0},"end":{"line":55,"column":41}},"55":{"start":{"line":56,"column":0},"end":{"line":56,"column":24}},"56":{"start":{"line":57,"column":0},"end":{"line":57,"column":97}},"57":{"start":{"line":58,"column":0},"end":{"line":58,"column":44}},"58":{"start":{"line":59,"column":0},"end":{"line":59,"column":44}},"59":{"start":{"line":60,"column":0},"end":{"line":60,"column":52}},"60":{"start":{"line":61,"column":0},"end":{"line":61,"column":6}},"61":{"start":{"line":62,"column":0},"end":{"line":62,"column":17}},"62":{"start":{"line":63,"column":0},"end":{"line":63,"column":29}},"63":{"start":{"line":64,"column":0},"end":{"line":64,"column":19}},"64":{"start":{"line":65,"column":0},"end":{"line":65,"column":19}},"65":{"start":{"line":66,"column":0},"end":{"line":66,"column":19}},"66":{"start":{"line":67,"column":0},"end":{"line":67,"column":24}},"67":{"start":{"line":68,"column":0},"end":{"line":68,"column":34}},"68":{"start":{"line":69,"column":0},"end":{"line":69,"column":34}},"69":{"start":{"line":70,"column":0},"end":{"line":70,"column":28}},"70":{"start":{"line":71,"column":0},"end":{"line":71,"column":32}},"71":{"start":{"line":72,"column":0},"end":{"line":72,"column":45}},"72":{"start":{"line":73,"column":0},"end":{"line":73,"column":57}},"73":{"start":{"line":74,"column":0},"end":{"line":74,"column":26}},"74":{"start":{"line":75,"column":0},"end":{"line":75,"column":6}},"75":{"start":{"line":76,"column":0},"end":{"line":76,"column":13}},"76":{"start":{"line":77,"column":0},"end":{"line":77,"column":23}},"77":{"start":{"line":78,"column":0},"end":{"line":78,"column":30}},"78":{"start":{"line":79,"column":0},"end":{"line":79,"column":32}},"79":{"start":{"line":80,"column":0},"end":{"line":80,"column":28}},"80":{"start":{"line":81,"column":0},"end":{"line":81,"column":37}},"81":{"start":{"line":82,"column":0},"end":{"line":82,"column":56}},"82":{"start":{"line":83,"column":0},"end":{"line":83,"column":6}},"83":{"start":{"line":84,"column":0},"end":{"line":84,"column":10}},"84":{"start":{"line":85,"column":0},"end":{"line":85,"column":19}},"85":{"start":{"line":86,"column":0},"end":{"line":86,"column":27}},"86":{"start":{"line":87,"column":0},"end":{"line":87,"column":17}},"87":{"start":{"line":88,"column":0},"end":{"line":88,"column":25}},"88":{"start":{"line":89,"column":0},"end":{"line":89,"column":21}},"89":{"start":{"line":90,"column":0},"end":{"line":90,"column":25}},"90":{"start":{"line":91,"column":0},"end":{"line":91,"column":6}},"91":{"start":{"line":92,"column":0},"end":{"line":92,"column":16}},"92":{"start":{"line":93,"column":0},"end":{"line":93,"column":50}},"93":{"start":{"line":94,"column":0},"end":{"line":94,"column":80}},"94":{"start":{"line":95,"column":0},"end":{"line":95,"column":31}},"95":{"start":{"line":96,"column":0},"end":{"line":96,"column":56}},"96":{"start":{"line":97,"column":0},"end":{"line":97,"column":35}},"97":{"start":{"line":98,"column":0},"end":{"line":98,"column":53}},"98":{"start":{"line":99,"column":0},"end":{"line":99,"column":38}},"99":{"start":{"line":100,"column":0},"end":{"line":100,"column":55}},"100":{"start":{"line":101,"column":0},"end":{"line":101,"column":35}},"101":{"start":{"line":102,"column":0},"end":{"line":102,"column":44}},"102":{"start":{"line":103,"column":0},"end":{"line":103,"column":40}},"103":{"start":{"line":104,"column":0},"end":{"line":104,"column":39}},"104":{"start":{"line":105,"column":0},"end":{"line":105,"column":21}},"105":{"start":{"line":106,"column":0},"end":{"line":106,"column":31}},"106":{"start":{"line":107,"column":0},"end":{"line":107,"column":23}},"107":{"start":{"line":108,"column":0},"end":{"line":108,"column":32}},"108":{"start":{"line":109,"column":0},"end":{"line":109,"column":26}},"109":{"start":{"line":110,"column":0},"end":{"line":110,"column":6}},"110":{"start":{"line":111,"column":0},"end":{"line":111,"column":15}},"111":{"start":{"line":112,"column":0},"end":{"line":112,"column":27}},"112":{"start":{"line":113,"column":0},"end":{"line":113,"column":26}},"113":{"start":{"line":114,"column":0},"end":{"line":114,"column":30}},"114":{"start":{"line":115,"column":0},"end":{"line":115,"column":19}},"115":{"start":{"line":116,"column":0},"end":{"line":116,"column":21}},"116":{"start":{"line":117,"column":0},"end":{"line":117,"column":23}},"117":{"start":{"line":118,"column":0},"end":{"line":118,"column":28}},"118":{"start":{"line":119,"column":0},"end":{"line":119,"column":30}},"119":{"start":{"line":120,"column":0},"end":{"line":120,"column":32}},"120":{"start":{"line":121,"column":0},"end":{"line":121,"column":49}},"121":{"start":{"line":122,"column":0},"end":{"line":122,"column":42}},"122":{"start":{"line":123,"column":0},"end":{"line":123,"column":56}},"123":{"start":{"line":124,"column":0},"end":{"line":124,"column":89}},"124":{"start":{"line":125,"column":0},"end":{"line":125,"column":33}},"125":{"start":{"line":126,"column":0},"end":{"line":126,"column":82}},"126":{"start":{"line":127,"column":0},"end":{"line":127,"column":32}},"127":{"start":{"line":128,"column":0},"end":{"line":128,"column":38}},"128":{"start":{"line":129,"column":0},"end":{"line":129,"column":32}},"129":{"start":{"line":130,"column":0},"end":{"line":130,"column":51}},"130":{"start":{"line":131,"column":0},"end":{"line":131,"column":51}},"131":{"start":{"line":132,"column":0},"end":{"line":132,"column":6}},"132":{"start":{"line":133,"column":0},"end":{"line":133,"column":18}},"133":{"start":{"line":134,"column":0},"end":{"line":134,"column":34}},"134":{"start":{"line":135,"column":0},"end":{"line":135,"column":30}},"135":{"start":{"line":136,"column":0},"end":{"line":136,"column":44}},"136":{"start":{"line":137,"column":0},"end":{"line":137,"column":44}},"137":{"start":{"line":138,"column":0},"end":{"line":138,"column":51}},"138":{"start":{"line":139,"column":0},"end":{"line":139,"column":48}},"139":{"start":{"line":140,"column":0},"end":{"line":140,"column":34}},"140":{"start":{"line":141,"column":0},"end":{"line":141,"column":39}},"141":{"start":{"line":142,"column":0},"end":{"line":142,"column":54}},"142":{"start":{"line":143,"column":0},"end":{"line":143,"column":63}},"143":{"start":{"line":144,"column":0},"end":{"line":144,"column":82}},"144":{"start":{"line":145,"column":0},"end":{"line":145,"column":43}},"145":{"start":{"line":146,"column":0},"end":{"line":146,"column":75}},"146":{"start":{"line":147,"column":0},"end":{"line":147,"column":42}},"147":{"start":{"line":148,"column":0},"end":{"line":148,"column":6}},"148":{"start":{"line":149,"column":0},"end":{"line":149,"column":12}},"149":{"start":{"line":150,"column":0},"end":{"line":150,"column":29}},"150":{"start":{"line":151,"column":0},"end":{"line":151,"column":28}},"151":{"start":{"line":152,"column":0},"end":{"line":152,"column":37}},"152":{"start":{"line":153,"column":0},"end":{"line":153,"column":24}},"153":{"start":{"line":154,"column":0},"end":{"line":154,"column":37}},"154":{"start":{"line":155,"column":0},"end":{"line":155,"column":25}},"155":{"start":{"line":156,"column":0},"end":{"line":156,"column":32}},"156":{"start":{"line":157,"column":0},"end":{"line":157,"column":26}},"157":{"start":{"line":158,"column":0},"end":{"line":158,"column":38}},"158":{"start":{"line":159,"column":0},"end":{"line":159,"column":42}},"159":{"start":{"line":160,"column":0},"end":{"line":160,"column":39}},"160":{"start":{"line":161,"column":0},"end":{"line":161,"column":34}},"161":{"start":{"line":162,"column":0},"end":{"line":162,"column":46}},"162":{"start":{"line":163,"column":0},"end":{"line":163,"column":23}},"163":{"start":{"line":164,"column":0},"end":{"line":164,"column":28}},"164":{"start":{"line":165,"column":0},"end":{"line":165,"column":39}},"165":{"start":{"line":166,"column":0},"end":{"line":166,"column":6}},"166":{"start":{"line":167,"column":0},"end":{"line":167,"column":14}},"167":{"start":{"line":168,"column":0},"end":{"line":168,"column":28}},"168":{"start":{"line":169,"column":0},"end":{"line":169,"column":28}},"169":{"start":{"line":170,"column":0},"end":{"line":170,"column":40}},"170":{"start":{"line":171,"column":0},"end":{"line":171,"column":73}},"171":{"start":{"line":172,"column":0},"end":{"line":172,"column":43}},"172":{"start":{"line":173,"column":0},"end":{"line":173,"column":48}},"173":{"start":{"line":174,"column":0},"end":{"line":174,"column":43}},"174":{"start":{"line":175,"column":0},"end":{"line":175,"column":19}},"175":{"start":{"line":176,"column":0},"end":{"line":176,"column":23}},"176":{"start":{"line":177,"column":0},"end":{"line":177,"column":23}},"177":{"start":{"line":178,"column":0},"end":{"line":178,"column":28}},"178":{"start":{"line":179,"column":0},"end":{"line":179,"column":6}},"179":{"start":{"line":180,"column":0},"end":{"line":180,"column":14}},"180":{"start":{"line":181,"column":0},"end":{"line":181,"column":28}},"181":{"start":{"line":182,"column":0},"end":{"line":182,"column":34}},"182":{"start":{"line":183,"column":0},"end":{"line":183,"column":54}},"183":{"start":{"line":184,"column":0},"end":{"line":184,"column":43}},"184":{"start":{"line":185,"column":0},"end":{"line":185,"column":56}},"185":{"start":{"line":186,"column":0},"end":{"line":186,"column":28}},"186":{"start":{"line":187,"column":0},"end":{"line":187,"column":55}},"187":{"start":{"line":188,"column":0},"end":{"line":188,"column":30}},"188":{"start":{"line":189,"column":0},"end":{"line":189,"column":47}},"189":{"start":{"line":190,"column":0},"end":{"line":190,"column":26}},"190":{"start":{"line":191,"column":0},"end":{"line":191,"column":46}},"191":{"start":{"line":192,"column":0},"end":{"line":192,"column":28}},"192":{"start":{"line":193,"column":0},"end":{"line":193,"column":43}},"193":{"start":{"line":194,"column":0},"end":{"line":194,"column":47}},"194":{"start":{"line":195,"column":0},"end":{"line":195,"column":54}},"195":{"start":{"line":196,"column":0},"end":{"line":196,"column":31}},"196":{"start":{"line":197,"column":0},"end":{"line":197,"column":24}},"197":{"start":{"line":198,"column":0},"end":{"line":198,"column":47}},"198":{"start":{"line":199,"column":0},"end":{"line":199,"column":57}},"199":{"start":{"line":200,"column":0},"end":{"line":200,"column":6}},"200":{"start":{"line":201,"column":0},"end":{"line":201,"column":11}},"201":{"start":{"line":202,"column":0},"end":{"line":202,"column":49}},"202":{"start":{"line":203,"column":0},"end":{"line":203,"column":15}},"203":{"start":{"line":204,"column":0},"end":{"line":204,"column":39}},"204":{"start":{"line":205,"column":0},"end":{"line":205,"column":29}},"205":{"start":{"line":206,"column":0},"end":{"line":206,"column":43}},"206":{"start":{"line":207,"column":0},"end":{"line":207,"column":27}},"207":{"start":{"line":208,"column":0},"end":{"line":208,"column":49}},"208":{"start":{"line":209,"column":0},"end":{"line":209,"column":46}},"209":{"start":{"line":210,"column":0},"end":{"line":210,"column":24}},"210":{"start":{"line":211,"column":0},"end":{"line":211,"column":33}},"211":{"start":{"line":212,"column":0},"end":{"line":212,"column":49}},"212":{"start":{"line":213,"column":0},"end":{"line":213,"column":72}},"213":{"start":{"line":214,"column":0},"end":{"line":214,"column":41}},"214":{"start":{"line":215,"column":0},"end":{"line":215,"column":59}},"215":{"start":{"line":216,"column":0},"end":{"line":216,"column":42}},"216":{"start":{"line":217,"column":0},"end":{"line":217,"column":72}},"217":{"start":{"line":218,"column":0},"end":{"line":218,"column":58}},"218":{"start":{"line":219,"column":0},"end":{"line":219,"column":38}},"219":{"start":{"line":220,"column":0},"end":{"line":220,"column":45}},"220":{"start":{"line":221,"column":0},"end":{"line":221,"column":97}},"221":{"start":{"line":222,"column":0},"end":{"line":222,"column":43}},"222":{"start":{"line":223,"column":0},"end":{"line":223,"column":129}},"223":{"start":{"line":224,"column":0},"end":{"line":224,"column":38}},"224":{"start":{"line":225,"column":0},"end":{"line":225,"column":49}},"225":{"start":{"line":226,"column":0},"end":{"line":226,"column":65}},"226":{"start":{"line":227,"column":0},"end":{"line":227,"column":66}},"227":{"start":{"line":228,"column":0},"end":{"line":228,"column":6}},"228":{"start":{"line":229,"column":0},"end":{"line":229,"column":4}},"229":{"start":{"line":230,"column":0},"end":{"line":230,"column":7}},"230":{"start":{"line":231,"column":0},"end":{"line":231,"column":13}},"231":{"start":{"line":232,"column":0},"end":{"line":232,"column":37}},"232":{"start":{"line":233,"column":0},"end":{"line":233,"column":23}},"233":{"start":{"line":234,"column":0},"end":{"line":234,"column":29}},"234":{"start":{"line":235,"column":0},"end":{"line":235,"column":27}},"235":{"start":{"line":236,"column":0},"end":{"line":236,"column":24}},"236":{"start":{"line":237,"column":0},"end":{"line":237,"column":24}},"237":{"start":{"line":238,"column":0},"end":{"line":238,"column":23}},"238":{"start":{"line":239,"column":0},"end":{"line":239,"column":54}},"239":{"start":{"line":240,"column":0},"end":{"line":240,"column":36}},"240":{"start":{"line":241,"column":0},"end":{"line":241,"column":27}},"241":{"start":{"line":242,"column":0},"end":{"line":242,"column":14}},"242":{"start":{"line":243,"column":0},"end":{"line":243,"column":20}},"243":{"start":{"line":244,"column":0},"end":{"line":244,"column":22}},"244":{"start":{"line":245,"column":0},"end":{"line":245,"column":24}},"245":{"start":{"line":246,"column":0},"end":{"line":246,"column":36}},"246":{"start":{"line":247,"column":0},"end":{"line":247,"column":23}},"247":{"start":{"line":248,"column":0},"end":{"line":248,"column":31}},"248":{"start":{"line":249,"column":0},"end":{"line":249,"column":8}},"249":{"start":{"line":250,"column":0},"end":{"line":250,"column":15}},"250":{"start":{"line":251,"column":0},"end":{"line":251,"column":24}},"251":{"start":{"line":252,"column":0},"end":{"line":252,"column":23}},"252":{"start":{"line":253,"column":0},"end":{"line":253,"column":22}},"253":{"start":{"line":254,"column":0},"end":{"line":254,"column":22}},"254":{"start":{"line":255,"column":0},"end":{"line":255,"column":23}},"255":{"start":{"line":256,"column":0},"end":{"line":256,"column":25}},"256":{"start":{"line":257,"column":0},"end":{"line":257,"column":25}},"257":{"start":{"line":258,"column":0},"end":{"line":258,"column":24}},"258":{"start":{"line":259,"column":0},"end":{"line":259,"column":29}},"259":{"start":{"line":260,"column":0},"end":{"line":260,"column":28}},"260":{"start":{"line":261,"column":0},"end":{"line":261,"column":28}},"261":{"start":{"line":262,"column":0},"end":{"line":262,"column":28}},"262":{"start":{"line":263,"column":0},"end":{"line":263,"column":25}},"263":{"start":{"line":264,"column":0},"end":{"line":264,"column":8}},"264":{"start":{"line":265,"column":0},"end":{"line":265,"column":16}},"265":{"start":{"line":266,"column":0},"end":{"line":266,"column":24}},"266":{"start":{"line":267,"column":0},"end":{"line":267,"column":23}},"267":{"start":{"line":268,"column":0},"end":{"line":268,"column":22}},"268":{"start":{"line":269,"column":0},"end":{"line":269,"column":23}},"269":{"start":{"line":270,"column":0},"end":{"line":270,"column":8}},"270":{"start":{"line":271,"column":0},"end":{"line":271,"column":6}},"271":{"start":{"line":272,"column":0},"end":{"line":272,"column":17}},"272":{"start":{"line":273,"column":0},"end":{"line":273,"column":33}},"273":{"start":{"line":274,"column":0},"end":{"line":274,"column":32}},"274":{"start":{"line":275,"column":0},"end":{"line":275,"column":33}},"275":{"start":{"line":276,"column":0},"end":{"line":276,"column":29}},"276":{"start":{"line":277,"column":0},"end":{"line":277,"column":35}},"277":{"start":{"line":278,"column":0},"end":{"line":278,"column":41}},"278":{"start":{"line":279,"column":0},"end":{"line":279,"column":42}},"279":{"start":{"line":280,"column":0},"end":{"line":280,"column":24}},"280":{"start":{"line":281,"column":0},"end":{"line":281,"column":71}},"281":{"start":{"line":282,"column":0},"end":{"line":282,"column":47}},"282":{"start":{"line":283,"column":0},"end":{"line":283,"column":46}},"283":{"start":{"line":284,"column":0},"end":{"line":284,"column":46}},"284":{"start":{"line":285,"column":0},"end":{"line":285,"column":6}},"285":{"start":{"line":286,"column":0},"end":{"line":286,"column":17}},"286":{"start":{"line":287,"column":0},"end":{"line":287,"column":27}},"287":{"start":{"line":288,"column":0},"end":{"line":288,"column":21}},"288":{"start":{"line":289,"column":0},"end":{"line":289,"column":24}},"289":{"start":{"line":290,"column":0},"end":{"line":290,"column":20}},"290":{"start":{"line":291,"column":0},"end":{"line":291,"column":23}},"291":{"start":{"line":292,"column":0},"end":{"line":292,"column":39}},"292":{"start":{"line":293,"column":0},"end":{"line":293,"column":31}},"293":{"start":{"line":294,"column":0},"end":{"line":294,"column":34}},"294":{"start":{"line":295,"column":0},"end":{"line":295,"column":36}},"295":{"start":{"line":296,"column":0},"end":{"line":296,"column":54}},"296":{"start":{"line":297,"column":0},"end":{"line":297,"column":52}},"297":{"start":{"line":298,"column":0},"end":{"line":298,"column":29}},"298":{"start":{"line":299,"column":0},"end":{"line":299,"column":6}},"299":{"start":{"line":300,"column":0},"end":{"line":300,"column":13}},"300":{"start":{"line":301,"column":0},"end":{"line":301,"column":23}},"301":{"start":{"line":302,"column":0},"end":{"line":302,"column":32}},"302":{"start":{"line":303,"column":0},"end":{"line":303,"column":38}},"303":{"start":{"line":304,"column":0},"end":{"line":304,"column":28}},"304":{"start":{"line":305,"column":0},"end":{"line":305,"column":35}},"305":{"start":{"line":306,"column":0},"end":{"line":306,"column":71}},"306":{"start":{"line":307,"column":0},"end":{"line":307,"column":6}},"307":{"start":{"line":308,"column":0},"end":{"line":308,"column":10}},"308":{"start":{"line":309,"column":0},"end":{"line":309,"column":22}},"309":{"start":{"line":310,"column":0},"end":{"line":310,"column":27}},"310":{"start":{"line":311,"column":0},"end":{"line":311,"column":22}},"311":{"start":{"line":312,"column":0},"end":{"line":312,"column":24}},"312":{"start":{"line":313,"column":0},"end":{"line":313,"column":27}},"313":{"start":{"line":314,"column":0},"end":{"line":314,"column":25}},"314":{"start":{"line":315,"column":0},"end":{"line":315,"column":6}},"315":{"start":{"line":316,"column":0},"end":{"line":316,"column":16}},"316":{"start":{"line":317,"column":0},"end":{"line":317,"column":61}},"317":{"start":{"line":318,"column":0},"end":{"line":318,"column":78}},"318":{"start":{"line":319,"column":0},"end":{"line":319,"column":36}},"319":{"start":{"line":320,"column":0},"end":{"line":320,"column":53}},"320":{"start":{"line":321,"column":0},"end":{"line":321,"column":36}},"321":{"start":{"line":322,"column":0},"end":{"line":322,"column":55}},"322":{"start":{"line":323,"column":0},"end":{"line":323,"column":43}},"323":{"start":{"line":324,"column":0},"end":{"line":324,"column":55}},"324":{"start":{"line":325,"column":0},"end":{"line":325,"column":30}},"325":{"start":{"line":326,"column":0},"end":{"line":326,"column":49}},"326":{"start":{"line":327,"column":0},"end":{"line":327,"column":41}},"327":{"start":{"line":328,"column":0},"end":{"line":328,"column":45}},"328":{"start":{"line":329,"column":0},"end":{"line":329,"column":20}},"329":{"start":{"line":330,"column":0},"end":{"line":330,"column":30}},"330":{"start":{"line":331,"column":0},"end":{"line":331,"column":22}},"331":{"start":{"line":332,"column":0},"end":{"line":332,"column":34}},"332":{"start":{"line":333,"column":0},"end":{"line":333,"column":27}},"333":{"start":{"line":334,"column":0},"end":{"line":334,"column":6}},"334":{"start":{"line":335,"column":0},"end":{"line":335,"column":15}},"335":{"start":{"line":336,"column":0},"end":{"line":336,"column":28}},"336":{"start":{"line":337,"column":0},"end":{"line":337,"column":31}},"337":{"start":{"line":338,"column":0},"end":{"line":338,"column":30}},"338":{"start":{"line":339,"column":0},"end":{"line":339,"column":18}},"339":{"start":{"line":340,"column":0},"end":{"line":340,"column":20}},"340":{"start":{"line":341,"column":0},"end":{"line":341,"column":22}},"341":{"start":{"line":342,"column":0},"end":{"line":342,"column":27}},"342":{"start":{"line":343,"column":0},"end":{"line":343,"column":29}},"343":{"start":{"line":344,"column":0},"end":{"line":344,"column":31}},"344":{"start":{"line":345,"column":0},"end":{"line":345,"column":45}},"345":{"start":{"line":346,"column":0},"end":{"line":346,"column":43}},"346":{"start":{"line":347,"column":0},"end":{"line":347,"column":60}},"347":{"start":{"line":348,"column":0},"end":{"line":348,"column":70}},"348":{"start":{"line":349,"column":0},"end":{"line":349,"column":35}},"349":{"start":{"line":350,"column":0},"end":{"line":350,"column":52}},"350":{"start":{"line":351,"column":0},"end":{"line":351,"column":35}},"351":{"start":{"line":352,"column":0},"end":{"line":352,"column":39}},"352":{"start":{"line":353,"column":0},"end":{"line":353,"column":36}},"353":{"start":{"line":354,"column":0},"end":{"line":354,"column":48}},"354":{"start":{"line":355,"column":0},"end":{"line":355,"column":38}},"355":{"start":{"line":356,"column":0},"end":{"line":356,"column":6}},"356":{"start":{"line":357,"column":0},"end":{"line":357,"column":18}},"357":{"start":{"line":358,"column":0},"end":{"line":358,"column":30}},"358":{"start":{"line":359,"column":0},"end":{"line":359,"column":31}},"359":{"start":{"line":360,"column":0},"end":{"line":360,"column":50}},"360":{"start":{"line":361,"column":0},"end":{"line":361,"column":49}},"361":{"start":{"line":362,"column":0},"end":{"line":362,"column":50}},"362":{"start":{"line":363,"column":0},"end":{"line":363,"column":48}},"363":{"start":{"line":364,"column":0},"end":{"line":364,"column":34}},"364":{"start":{"line":365,"column":0},"end":{"line":365,"column":32}},"365":{"start":{"line":366,"column":0},"end":{"line":366,"column":42}},"366":{"start":{"line":367,"column":0},"end":{"line":367,"column":52}},"367":{"start":{"line":368,"column":0},"end":{"line":368,"column":85}},"368":{"start":{"line":369,"column":0},"end":{"line":369,"column":43}},"369":{"start":{"line":370,"column":0},"end":{"line":370,"column":62}},"370":{"start":{"line":371,"column":0},"end":{"line":371,"column":47}},"371":{"start":{"line":372,"column":0},"end":{"line":372,"column":6}},"372":{"start":{"line":373,"column":0},"end":{"line":373,"column":12}},"373":{"start":{"line":374,"column":0},"end":{"line":374,"column":34}},"374":{"start":{"line":375,"column":0},"end":{"line":375,"column":29}},"375":{"start":{"line":376,"column":0},"end":{"line":376,"column":45}},"376":{"start":{"line":377,"column":0},"end":{"line":377,"column":28}},"377":{"start":{"line":378,"column":0},"end":{"line":378,"column":39}},"378":{"start":{"line":379,"column":0},"end":{"line":379,"column":27}},"379":{"start":{"line":380,"column":0},"end":{"line":380,"column":33}},"380":{"start":{"line":381,"column":0},"end":{"line":381,"column":26}},"381":{"start":{"line":382,"column":0},"end":{"line":382,"column":41}},"382":{"start":{"line":383,"column":0},"end":{"line":383,"column":43}},"383":{"start":{"line":384,"column":0},"end":{"line":384,"column":40}},"384":{"start":{"line":385,"column":0},"end":{"line":385,"column":40}},"385":{"start":{"line":386,"column":0},"end":{"line":386,"column":47}},"386":{"start":{"line":387,"column":0},"end":{"line":387,"column":24}},"387":{"start":{"line":388,"column":0},"end":{"line":388,"column":27}},"388":{"start":{"line":389,"column":0},"end":{"line":389,"column":52}},"389":{"start":{"line":390,"column":0},"end":{"line":390,"column":6}},"390":{"start":{"line":391,"column":0},"end":{"line":391,"column":14}},"391":{"start":{"line":392,"column":0},"end":{"line":392,"column":23}},"392":{"start":{"line":393,"column":0},"end":{"line":393,"column":29}},"393":{"start":{"line":394,"column":0},"end":{"line":394,"column":39}},"394":{"start":{"line":395,"column":0},"end":{"line":395,"column":68}},"395":{"start":{"line":396,"column":0},"end":{"line":396,"column":49}},"396":{"start":{"line":397,"column":0},"end":{"line":397,"column":51}},"397":{"start":{"line":398,"column":0},"end":{"line":398,"column":48}},"398":{"start":{"line":399,"column":0},"end":{"line":399,"column":24}},"399":{"start":{"line":400,"column":0},"end":{"line":400,"column":23}},"400":{"start":{"line":401,"column":0},"end":{"line":401,"column":24}},"401":{"start":{"line":402,"column":0},"end":{"line":402,"column":27}},"402":{"start":{"line":403,"column":0},"end":{"line":403,"column":6}},"403":{"start":{"line":404,"column":0},"end":{"line":404,"column":14}},"404":{"start":{"line":405,"column":0},"end":{"line":405,"column":35}},"405":{"start":{"line":406,"column":0},"end":{"line":406,"column":39}},"406":{"start":{"line":407,"column":0},"end":{"line":407,"column":46}},"407":{"start":{"line":408,"column":0},"end":{"line":408,"column":47}},"408":{"start":{"line":409,"column":0},"end":{"line":409,"column":50}},"409":{"start":{"line":410,"column":0},"end":{"line":410,"column":27}},"410":{"start":{"line":411,"column":0},"end":{"line":411,"column":57}},"411":{"start":{"line":412,"column":0},"end":{"line":412,"column":32}},"412":{"start":{"line":413,"column":0},"end":{"line":413,"column":48}},"413":{"start":{"line":414,"column":0},"end":{"line":414,"column":25}},"414":{"start":{"line":415,"column":0},"end":{"line":415,"column":43}},"415":{"start":{"line":416,"column":0},"end":{"line":416,"column":27}},"416":{"start":{"line":417,"column":0},"end":{"line":417,"column":43}},"417":{"start":{"line":418,"column":0},"end":{"line":418,"column":38}},"418":{"start":{"line":419,"column":0},"end":{"line":419,"column":55}},"419":{"start":{"line":420,"column":0},"end":{"line":420,"column":34}},"420":{"start":{"line":421,"column":0},"end":{"line":421,"column":24}},"421":{"start":{"line":422,"column":0},"end":{"line":422,"column":46}},"422":{"start":{"line":423,"column":0},"end":{"line":423,"column":63}},"423":{"start":{"line":424,"column":0},"end":{"line":424,"column":6}},"424":{"start":{"line":425,"column":0},"end":{"line":425,"column":11}},"425":{"start":{"line":426,"column":0},"end":{"line":426,"column":48}},"426":{"start":{"line":427,"column":0},"end":{"line":427,"column":16}},"427":{"start":{"line":428,"column":0},"end":{"line":428,"column":40}},"428":{"start":{"line":429,"column":0},"end":{"line":429,"column":21}},"429":{"start":{"line":430,"column":0},"end":{"line":430,"column":44}},"430":{"start":{"line":431,"column":0},"end":{"line":431,"column":25}},"431":{"start":{"line":432,"column":0},"end":{"line":432,"column":44}},"432":{"start":{"line":433,"column":0},"end":{"line":433,"column":39}},"433":{"start":{"line":434,"column":0},"end":{"line":434,"column":22}},"434":{"start":{"line":435,"column":0},"end":{"line":435,"column":29}},"435":{"start":{"line":436,"column":0},"end":{"line":436,"column":54}},"436":{"start":{"line":437,"column":0},"end":{"line":437,"column":58}},"437":{"start":{"line":438,"column":0},"end":{"line":438,"column":38}},"438":{"start":{"line":439,"column":0},"end":{"line":439,"column":57}},"439":{"start":{"line":440,"column":0},"end":{"line":440,"column":44}},"440":{"start":{"line":441,"column":0},"end":{"line":441,"column":71}},"441":{"start":{"line":442,"column":0},"end":{"line":442,"column":55}},"442":{"start":{"line":443,"column":0},"end":{"line":443,"column":39}},"443":{"start":{"line":444,"column":0},"end":{"line":444,"column":44}},"444":{"start":{"line":445,"column":0},"end":{"line":445,"column":97}},"445":{"start":{"line":446,"column":0},"end":{"line":446,"column":42}},"446":{"start":{"line":447,"column":0},"end":{"line":447,"column":112}},"447":{"start":{"line":448,"column":0},"end":{"line":448,"column":37}},"448":{"start":{"line":449,"column":0},"end":{"line":449,"column":46}},"449":{"start":{"line":450,"column":0},"end":{"line":450,"column":64}},"450":{"start":{"line":451,"column":0},"end":{"line":451,"column":68}},"451":{"start":{"line":452,"column":0},"end":{"line":452,"column":6}},"452":{"start":{"line":453,"column":0},"end":{"line":453,"column":4}},"453":{"start":{"line":454,"column":0},"end":{"line":454,"column":11}},"455":{"start":{"line":456,"column":0},"end":{"line":456,"column":4}},"456":{"start":{"line":457,"column":0},"end":{"line":457,"column":24}},"457":{"start":{"line":458,"column":0},"end":{"line":458,"column":24}},"458":{"start":{"line":459,"column":0},"end":{"line":459,"column":9}},"459":{"start":{"line":460,"column":0},"end":{"line":460,"column":14}},"460":{"start":{"line":461,"column":0},"end":{"line":461,"column":22}},"461":{"start":{"line":462,"column":0},"end":{"line":462,"column":32}},"462":{"start":{"line":463,"column":0},"end":{"line":463,"column":24}},"463":{"start":{"line":464,"column":0},"end":{"line":464,"column":42}},"464":{"start":{"line":465,"column":0},"end":{"line":465,"column":16}},"465":{"start":{"line":466,"column":0},"end":{"line":466,"column":75}},"466":{"start":{"line":467,"column":0},"end":{"line":467,"column":31}},"467":{"start":{"line":468,"column":0},"end":{"line":468,"column":6}},"468":{"start":{"line":469,"column":0},"end":{"line":469,"column":34}},"469":{"start":{"line":470,"column":0},"end":{"line":470,"column":5}},"472":{"start":{"line":473,"column":0},"end":{"line":473,"column":37}},"473":{"start":{"line":474,"column":0},"end":{"line":474,"column":40}},"474":{"start":{"line":475,"column":0},"end":{"line":475,"column":40}},"475":{"start":{"line":476,"column":0},"end":{"line":476,"column":3}},"476":{"start":{"line":477,"column":0},"end":{"line":477,"column":3}},"478":{"start":{"line":479,"column":0},"end":{"line":479,"column":20}}},"s":{"0":1,"1":1,"2":1,"4":1,"5":1,"6":1,"7":1,"8":1,"9":1,"10":1,"11":1,"12":1,"13":1,"14":1,"15":1,"16":1,"17":1,"18":1,"19":1,"20":1,"21":1,"22":1,"23":1,"24":1,"25":1,"26":1,"27":1,"28":1,"29":1,"30":1,"31":1,"32":1,"33":1,"34":1,"35":1,"36":1,"37":1,"38":1,"39":1,"40":1,"41":1,"42":1,"43":1,"44":1,"45":1,"46":1,"47":1,"48":1,"49":1,"50":1,"51":1,"52":1,"53":1,"54":1,"55":1,"56":1,"57":1,"58":1,"59":1,"60":1,"61":1,"62":1,"63":1,"64":1,"65":1,"66":1,"67":1,"68":1,"69":1,"70":1,"71":1,"72":1,"73":1,"74":1,"75":1,"76":1,"77":1,"78":1,"79":1,"80":1,"81":1,"82":1,"83":1,"84":1,"85":1,"86":1,"87":1,"88":1,"89":1,"90":1,"91":1,"92":1,"93":1,"94":1,"95":1,"96":1,"97":1,"98":1,"99":1,"100":1,"101":1,"102":1,"103":1,"104":1,"105":1,"106":1,"107":1,"108":1,"109":1,"110":1,"111":1,"112":1,"113":1,"114":1,"115":1,"116":1,"117":1,"118":1,"119":1,"120":1,"121":1,"122":1,"123":1,"124":1,"125":1,"126":1,"127":1,"128":1,"129":1,"130":1,"131":1,"132":1,"133":1,"134":1,"135":1,"136":1,"137":1,"138":1,"139":1,"140":1,"141":1,"142":1,"143":1,"144":1,"145":1,"146":1,"147":1,"148":1,"149":1,"150":1,"151":1,"152":1,"153":1,"154":1,"155":1,"156":1,"157":1,"158":1,"159":1,"160":1,"161":1,"162":1,"163":1,"164":1,"165":1,"166":1,"167":1,"168":1,"169":1,"170":1,"171":1,"172":1,"173":1,"174":1,"175":1,"176":1,"177":1,"178":1,"179":1,"180":1,"181":1,"182":1,"183":1,"184":1,"185":1,"186":1,"187":1,"188":1,"189":1,"190":1,"191":1,"192":1,"193":1,"194":1,"195":1,"196":1,"197":1,"198":1,"199":1,"200":1,"201":1,"202":1,"203":1,"204":1,"205":1,"206":1,"207":1,"208":1,"209":1,"210":1,"211":1,"212":1,"213":1,"214":1,"215":1,"216":1,"217":1,"218":1,"219":1,"220":1,"221":1,"222":1,"223":1,"224":1,"225":1,"226":1,"227":1,"228":1,"229":1,"230":1,"231":1,"232":1,"233":1,"234":1,"235":1,"236":1,"237":1,"238":1,"239":1,"240":1,"241":1,"242":1,"243":1,"244":1,"245":1,"246":1,"247":1,"248":1,"249":1,"250":1,"251":1,"252":1,"253":1,"254":1,"255":1,"256":1,"257":1,"258":1,"259":1,"260":1,"261":1,"262":1,"263":1,"264":1,"265":1,"266":1,"267":1,"268":1,"269":1,"270":1,"271":1,"272":1,"273":1,"274":1,"275":1,"276":1,"277":1,"278":1,"279":1,"280":1,"281":1,"282":1,"283":1,"284":1,"285":1,"286":1,"287":1,"288":1,"289":1,"290":1,"291":1,"292":1,"293":1,"294":1,"295":1,"296":1,"297":1,"298":1,"299":1,"300":1,"301":1,"302":1,"303":1,"304":1,"305":1,"306":1,"307":1,"308":1,"309":1,"310":1,"311":1,"312":1,"313":1,"314":1,"315":1,"316":1,"317":1,"318":1,"319":1,"320":1,"321":1,"322":1,"323":1,"324":1,"325":1,"326":1,"327":1,"328":1,"329":1,"330":1,"331":1,"332":1,"333":1,"334":1,"335":1,"336":1,"337":1,"338":1,"339":1,"340":1,"341":1,"342":1,"343":1,"344":1,"345":1,"346":1,"347":1,"348":1,"349":1,"350":1,"351":1,"352":1,"353":1,"354":1,"355":1,"356":1,"357":1,"358":1,"359":1,"360":1,"361":1,"362":1,"363":1,"364":1,"365":1,"366":1,"367":1,"368":1,"369":1,"370":1,"371":1,"372":1,"373":1,"374":1,"375":1,"376":1,"377":1,"378":1,"379":1,"380":1,"381":1,"382":1,"383":1,"384":1,"385":1,"386":1,"387":1,"388":1,"389":1,"390":1,"391":1,"392":1,"393":1,"394":1,"395":1,"396":1,"397":1,"398":1,"399":1,"400":1,"401":1,"402":1,"403":1,"404":1,"405":1,"406":1,"407":1,"408":1,"409":1,"410":1,"411":1,"412":1,"413":1,"414":1,"415":1,"416":1,"417":1,"418":1,"419":1,"420":1,"421":1,"422":1,"423":1,"424":1,"425":1,"426":1,"427":1,"428":1,"429":1,"430":1,"431":1,"432":1,"433":1,"434":1,"435":1,"436":1,"437":1,"438":1,"439":1,"440":1,"441":1,"442":1,"443":1,"444":1,"445":1,"446":1,"447":1,"448":1,"449":1,"450":1,"451":1,"452":1,"453":1,"455":1,"456":1,"457":1,"458":1,"459":1,"460":1,"461":1,"462":1,"463":1,"464":1,"465":1,"466":1,"467":1,"468":1,"469":1,"472":1,"473":0,"474":0,"475":0,"476":0,"478":1},"branchMap":{},"b":{},"fnMap":{},"f":{}}
,"/Users/Artyom_Vetlugin/AVPetProjects/ClosetAssistant/src/main.tsx": {"path":"/Users/Artyom_Vetlugin/AVPetProjects/ClosetAssistant/src/main.tsx","all":true,"statementMap":{"0":{"start":{"line":1,"column":0},"end":{"line":1,"column":34}},"1":{"start":{"line":2,"column":0},"end":{"line":2,"column":45}},"2":{"start":{"line":3,"column":0},"end":{"line":3,"column":20}},"3":{"start":{"line":4,"column":0},"end":{"line":4,"column":27}},"4":{"start":{"line":5,"column":0},"end":{"line":5,"column":15}},"6":{"start":{"line":7,"column":0},"end":{"line":7,"column":52}},"7":{"start":{"line":8,"column":0},"end":{"line":8,"column":14}},"8":{"start":{"line":9,"column":0},"end":{"line":9,"column":11}},"9":{"start":{"line":10,"column":0},"end":{"line":10,"column":16}},"10":{"start":{"line":11,"column":0},"end":{"line":11,"column":1}}},"s":{"0":0,"1":0,"2":0,"3":0,"4":0,"6":0,"7":0,"8":0,"9":0,"10":0},"branchMap":{"0":{"type":"branch","line":1,"loc":{"start":{"line":1,"column":219},"end":{"line":13,"column":-167}},"locations":[{"start":{"line":1,"column":219},"end":{"line":13,"column":-167}}]}},"b":{"0":[0]},"fnMap":{"0":{"name":"(empty-report)","decl":{"start":{"line":1,"column":219},"end":{"line":13,"column":-167}},"loc":{"start":{"line":1,"column":219},"end":{"line":13,"column":-167}},"line":1}},"f":{"0":0}}
,"/Users/Artyom_Vetlugin/AVPetProjects/ClosetAssistant/src/components/CameraCapture.tsx": {"path":"/Users/Artyom_Vetlugin/AVPetProjects/ClosetAssistant/src/components/CameraCapture.tsx","all":true,"statementMap":{"0":{"start":{"line":1,"column":0},"end":{"line":1,"column":64}},"1":{"start":{"line":2,"column":0},"end":{"line":2,"column":46}},"8":{"start":{"line":9,"column":0},"end":{"line":9,"column":72}},"9":{"start":{"line":10,"column":0},"end":{"line":10,"column":49}},"10":{"start":{"line":11,"column":0},"end":{"line":11,"column":51}},"11":{"start":{"line":12,"column":0},"end":{"line":12,"column":52}},"12":{"start":{"line":13,"column":0},"end":{"line":13,"column":53}},"13":{"start":{"line":14,"column":0},"end":{"line":14,"column":55}},"14":{"start":{"line":15,"column":0},"end":{"line":15,"column":48}},"15":{"start":{"line":16,"column":0},"end":{"line":16,"column":42}},"17":{"start":{"line":18,"column":0},"end":{"line":18,"column":47}},"18":{"start":{"line":19,"column":0},"end":{"line":19,"column":9}},"19":{"start":{"line":20,"column":0},"end":{"line":20,"column":18}},"20":{"start":{"line":21,"column":0},"end":{"line":21,"column":57}},"22":{"start":{"line":23,"column":0},"end":{"line":23,"column":64}},"23":{"start":{"line":24,"column":0},"end":{"line":24,"column":52}},"24":{"start":{"line":25,"column":0},"end":{"line":25,"column":8}},"26":{"start":{"line":27,"column":0},"end":{"line":27,"column":63}},"29":{"start":{"line":30,"column":0},"end":{"line":30,"column":32}},"30":{"start":{"line":31,"column":0},"end":{"line":31,"column":71}},"31":{"start":{"line":32,"column":0},"end":{"line":32,"column":26}},"34":{"start":{"line":35,"column":0},"end":{"line":35,"column":36}},"35":{"start":{"line":36,"column":0},"end":{"line":36,"column":45}},"36":{"start":{"line":37,"column":0},"end":{"line":37,"column":38}},"37":{"start":{"line":38,"column":0},"end":{"line":38,"column":7}},"38":{"start":{"line":39,"column":0},"end":{"line":39,"column":57}},"39":{"start":{"line":40,"column":0},"end":{"line":40,"column":76}},"40":{"start":{"line":41,"column":0},"end":{"line":41,"column":31}},"41":{"start":{"line":42,"column":0},"end":{"line":42,"column":87}},"42":{"start":{"line":43,"column":0},"end":{"line":43,"column":45}},"43":{"start":{"line":44,"column":0},"end":{"line":44,"column":16}},"44":{"start":{"line":45,"column":0},"end":{"line":45,"column":73}},"45":{"start":{"line":46,"column":0},"end":{"line":46,"column":9}},"46":{"start":{"line":47,"column":0},"end":{"line":47,"column":13}},"47":{"start":{"line":48,"column":0},"end":{"line":48,"column":19}},"48":{"start":{"line":49,"column":0},"end":{"line":49,"column":62}},"49":{"start":{"line":50,"column":0},"end":{"line":50,"column":66}},"50":{"start":{"line":51,"column":0},"end":{"line":51,"column":58}},"51":{"start":{"line":52,"column":0},"end":{"line":52,"column":5}},"52":{"start":{"line":53,"column":0},"end":{"line":53,"column":8}},"54":{"start":{"line":55,"column":0},"end":{"line":55,"column":40}},"56":{"start":{"line":57,"column":0},"end":{"line":57,"column":34}},"57":{"start":{"line":58,"column":0},"end":{"line":58,"column":43}},"58":{"start":{"line":59,"column":0},"end":{"line":59,"column":36}},"59":{"start":{"line":60,"column":0},"end":{"line":60,"column":5}},"62":{"start":{"line":63,"column":0},"end":{"line":63,"column":36}},"63":{"start":{"line":64,"column":0},"end":{"line":64,"column":28}},"66":{"start":{"line":67,"column":0},"end":{"line":67,"column":27}},"67":{"start":{"line":68,"column":0},"end":{"line":68,"column":32}},"68":{"start":{"line":69,"column":0},"end":{"line":69,"column":15}},"70":{"start":{"line":71,"column":0},"end":{"line":71,"column":11}},"71":{"start":{"line":72,"column":0},"end":{"line":72,"column":85}},"72":{"start":{"line":73,"column":0},"end":{"line":73,"column":16}},"73":{"start":{"line":74,"column":0},"end":{"line":74,"column":30}},"74":{"start":{"line":75,"column":0},"end":{"line":75,"column":36}},"75":{"start":{"line":76,"column":0},"end":{"line":76,"column":16}},"76":{"start":{"line":77,"column":0},"end":{"line":77,"column":14}},"78":{"start":{"line":79,"column":0},"end":{"line":79,"column":11}},"79":{"start":{"line":80,"column":0},"end":{"line":80,"column":35}},"80":{"start":{"line":81,"column":0},"end":{"line":81,"column":21}},"81":{"start":{"line":82,"column":0},"end":{"line":82,"column":31}},"82":{"start":{"line":83,"column":0},"end":{"line":83,"column":9}},"83":{"start":{"line":84,"column":0},"end":{"line":84,"column":16}},"84":{"start":{"line":85,"column":0},"end":{"line":85,"column":5}},"86":{"start":{"line":87,"column":0},"end":{"line":87,"column":17}},"88":{"start":{"line":89,"column":0},"end":{"line":89,"column":50}},"89":{"start":{"line":90,"column":0},"end":{"line":90,"column":29}},"90":{"start":{"line":91,"column":0},"end":{"line":91,"column":20}},"91":{"start":{"line":92,"column":0},"end":{"line":92,"column":8}},"93":{"start":{"line":94,"column":0},"end":{"line":94,"column":45}},"94":{"start":{"line":95,"column":0},"end":{"line":95,"column":43}},"95":{"start":{"line":96,"column":0},"end":{"line":96,"column":31}},"96":{"start":{"line":97,"column":0},"end":{"line":97,"column":22}},"97":{"start":{"line":98,"column":0},"end":{"line":98,"column":9}},"98":{"start":{"line":99,"column":0},"end":{"line":99,"column":8}},"99":{"start":{"line":100,"column":0},"end":{"line":100,"column":5}},"101":{"start":{"line":102,"column":0},"end":{"line":102,"column":25}},"102":{"start":{"line":103,"column":0},"end":{"line":103,"column":8}},"104":{"start":{"line":105,"column":0},"end":{"line":105,"column":42}},"105":{"start":{"line":106,"column":0},"end":{"line":106,"column":55}},"107":{"start":{"line":108,"column":0},"end":{"line":108,"column":34}},"108":{"start":{"line":109,"column":0},"end":{"line":109,"column":36}},"109":{"start":{"line":110,"column":0},"end":{"line":110,"column":43}},"111":{"start":{"line":112,"column":0},"end":{"line":112,"column":24}},"114":{"start":{"line":115,"column":0},"end":{"line":115,"column":35}},"115":{"start":{"line":116,"column":0},"end":{"line":116,"column":37}},"118":{"start":{"line":119,"column":0},"end":{"line":119,"column":63}},"121":{"start":{"line":122,"column":0},"end":{"line":122,"column":29}},"122":{"start":{"line":123,"column":0},"end":{"line":123,"column":17}},"123":{"start":{"line":124,"column":0},"end":{"line":124,"column":66}},"124":{"start":{"line":125,"column":0},"end":{"line":125,"column":28}},"125":{"start":{"line":126,"column":0},"end":{"line":126,"column":10}},"127":{"start":{"line":128,"column":0},"end":{"line":128,"column":20}},"128":{"start":{"line":129,"column":0},"end":{"line":129,"column":23}},"129":{"start":{"line":130,"column":0},"end":{"line":130,"column":7}},"130":{"start":{"line":131,"column":0},"end":{"line":131,"column":25}},"131":{"start":{"line":132,"column":0},"end":{"line":132,"column":29}},"133":{"start":{"line":134,"column":0},"end":{"line":134,"column":42}},"134":{"start":{"line":135,"column":0},"end":{"line":135,"column":16}},"135":{"start":{"line":136,"column":0},"end":{"line":136,"column":14}},"136":{"start":{"line":137,"column":0},"end":{"line":137,"column":28}},"139":{"start":{"line":140,"column":0},"end":{"line":140,"column":19}},"140":{"start":{"line":141,"column":0},"end":{"line":141,"column":17}},"143":{"start":{"line":144,"column":0},"end":{"line":144,"column":38}},"144":{"start":{"line":145,"column":0},"end":{"line":145,"column":69}},"145":{"start":{"line":146,"column":0},"end":{"line":146,"column":30}},"146":{"start":{"line":147,"column":0},"end":{"line":147,"column":56}},"147":{"start":{"line":148,"column":0},"end":{"line":148,"column":31}},"148":{"start":{"line":149,"column":0},"end":{"line":149,"column":22}},"149":{"start":{"line":150,"column":0},"end":{"line":150,"column":10}},"150":{"start":{"line":151,"column":0},"end":{"line":151,"column":7}},"152":{"start":{"line":153,"column":0},"end":{"line":153,"column":36}},"153":{"start":{"line":154,"column":0},"end":{"line":154,"column":45}},"154":{"start":{"line":155,"column":0},"end":{"line":155,"column":38}},"155":{"start":{"line":156,"column":0},"end":{"line":156,"column":7}},"156":{"start":{"line":157,"column":0},"end":{"line":157,"column":5}},"159":{"start":{"line":160,"column":0},"end":{"line":160,"column":34}},"160":{"start":{"line":161,"column":0},"end":{"line":161,"column":71}},"161":{"start":{"line":162,"column":0},"end":{"line":162,"column":18}},"162":{"start":{"line":163,"column":0},"end":{"line":163,"column":5}},"165":{"start":{"line":166,"column":0},"end":{"line":166,"column":42}},"166":{"start":{"line":167,"column":0},"end":{"line":167,"column":28}},"167":{"start":{"line":168,"column":0},"end":{"line":168,"column":62}},"168":{"start":{"line":169,"column":0},"end":{"line":169,"column":20}},"169":{"start":{"line":170,"column":0},"end":{"line":170,"column":7}},"170":{"start":{"line":171,"column":0},"end":{"line":171,"column":5}},"172":{"start":{"line":173,"column":0},"end":{"line":173,"column":63}},"173":{"start":{"line":174,"column":0},"end":{"line":174,"column":57}},"174":{"start":{"line":175,"column":0},"end":{"line":175,"column":55}},"175":{"start":{"line":176,"column":0},"end":{"line":176,"column":51}},"176":{"start":{"line":177,"column":0},"end":{"line":177,"column":55}},"177":{"start":{"line":178,"column":0},"end":{"line":178,"column":73}},"180":{"start":{"line":181,"column":0},"end":{"line":181,"column":18}},"181":{"start":{"line":182,"column":0},"end":{"line":182,"column":76}},"182":{"start":{"line":183,"column":0},"end":{"line":183,"column":68}},"183":{"start":{"line":184,"column":0},"end":{"line":184,"column":62}},"184":{"start":{"line":185,"column":0},"end":{"line":185,"column":60}},"185":{"start":{"line":186,"column":0},"end":{"line":186,"column":56}},"186":{"start":{"line":187,"column":0},"end":{"line":187,"column":60}},"187":{"start":{"line":188,"column":0},"end":{"line":188,"column":78}},"190":{"start":{"line":191,"column":0},"end":{"line":191,"column":30}},"191":{"start":{"line":192,"column":0},"end":{"line":192,"column":56}},"192":{"start":{"line":193,"column":0},"end":{"line":193,"column":31}},"193":{"start":{"line":194,"column":0},"end":{"line":194,"column":22}},"194":{"start":{"line":195,"column":0},"end":{"line":195,"column":10}},"195":{"start":{"line":196,"column":0},"end":{"line":196,"column":32}},"196":{"start":{"line":197,"column":0},"end":{"line":197,"column":7}},"199":{"start":{"line":200,"column":0},"end":{"line":200,"column":29}},"200":{"start":{"line":201,"column":0},"end":{"line":201,"column":32}},"201":{"start":{"line":202,"column":0},"end":{"line":202,"column":41}},"202":{"start":{"line":203,"column":0},"end":{"line":203,"column":31}},"203":{"start":{"line":204,"column":0},"end":{"line":204,"column":7}},"204":{"start":{"line":205,"column":0},"end":{"line":205,"column":36}},"205":{"start":{"line":206,"column":0},"end":{"line":206,"column":45}},"206":{"start":{"line":207,"column":0},"end":{"line":207,"column":38}},"207":{"start":{"line":208,"column":0},"end":{"line":208,"column":7}},"209":{"start":{"line":210,"column":0},"end":{"line":210,"column":18}},"210":{"start":{"line":211,"column":0},"end":{"line":211,"column":5}},"211":{"start":{"line":212,"column":0},"end":{"line":212,"column":31}},"213":{"start":{"line":214,"column":0},"end":{"line":214,"column":10}},"214":{"start":{"line":215,"column":0},"end":{"line":215,"column":63}},"216":{"start":{"line":217,"column":0},"end":{"line":217,"column":77}},"217":{"start":{"line":218,"column":0},"end":{"line":218,"column":15}},"218":{"start":{"line":219,"column":0},"end":{"line":219,"column":32}},"219":{"start":{"line":220,"column":0},"end":{"line":220,"column":52}},"221":{"start":{"line":222,"column":0},"end":{"line":222,"column":30}},"222":{"start":{"line":223,"column":0},"end":{"line":223,"column":17}},"223":{"start":{"line":224,"column":0},"end":{"line":224,"column":94}},"224":{"start":{"line":225,"column":0},"end":{"line":225,"column":15}},"225":{"start":{"line":226,"column":0},"end":{"line":226,"column":12}},"228":{"start":{"line":229,"column":0},"end":{"line":229,"column":72}},"229":{"start":{"line":230,"column":0},"end":{"line":230,"column":18}},"230":{"start":{"line":231,"column":0},"end":{"line":231,"column":54}},"231":{"start":{"line":232,"column":0},"end":{"line":232,"column":51}},"232":{"start":{"line":233,"column":0},"end":{"line":233,"column":43}},"233":{"start":{"line":234,"column":0},"end":{"line":234,"column":19}},"234":{"start":{"line":235,"column":0},"end":{"line":235,"column":35}},"235":{"start":{"line":236,"column":0},"end":{"line":236,"column":72}},"237":{"start":{"line":238,"column":0},"end":{"line":238,"column":36}},"238":{"start":{"line":239,"column":0},"end":{"line":239,"column":21}},"239":{"start":{"line":240,"column":0},"end":{"line":240,"column":16}},"240":{"start":{"line":241,"column":0},"end":{"line":241,"column":27}},"241":{"start":{"line":242,"column":0},"end":{"line":242,"column":16}},"242":{"start":{"line":243,"column":0},"end":{"line":243,"column":26}},"243":{"start":{"line":244,"column":0},"end":{"line":244,"column":20}},"244":{"start":{"line":245,"column":0},"end":{"line":245,"column":23}},"245":{"start":{"line":246,"column":0},"end":{"line":246,"column":17}},"246":{"start":{"line":247,"column":0},"end":{"line":247,"column":28}},"247":{"start":{"line":248,"column":0},"end":{"line":248,"column":60}},"248":{"start":{"line":249,"column":0},"end":{"line":249,"column":81}},"249":{"start":{"line":250,"column":0},"end":{"line":250,"column":12}},"251":{"start":{"line":252,"column":0},"end":{"line":252,"column":50}},"252":{"start":{"line":253,"column":0},"end":{"line":253,"column":51}},"253":{"start":{"line":254,"column":0},"end":{"line":254,"column":41}},"254":{"start":{"line":255,"column":0},"end":{"line":255,"column":16}},"256":{"start":{"line":257,"column":0},"end":{"line":257,"column":12}},"259":{"start":{"line":260,"column":0},"end":{"line":260,"column":33}},"260":{"start":{"line":261,"column":0},"end":{"line":261,"column":58}},"261":{"start":{"line":262,"column":0},"end":{"line":262,"column":17}},"262":{"start":{"line":263,"column":0},"end":{"line":263,"column":34}},"263":{"start":{"line":264,"column":0},"end":{"line":264,"column":120}},"265":{"start":{"line":266,"column":0},"end":{"line":266,"column":67}},"266":{"start":{"line":267,"column":0},"end":{"line":267,"column":19}},"267":{"start":{"line":268,"column":0},"end":{"line":268,"column":14}},"271":{"start":{"line":272,"column":0},"end":{"line":272,"column":51}},"272":{"start":{"line":273,"column":0},"end":{"line":273,"column":10}},"274":{"start":{"line":275,"column":0},"end":{"line":275,"column":1}},"276":{"start":{"line":277,"column":0},"end":{"line":277,"column":28}}},"s":{"0":0,"1":0,"8":0,"9":0,"10":0,"11":0,"12":0,"13":0,"14":0,"15":0,"17":0,"18":0,"19":0,"20":0,"22":0,"23":0,"24":0,"26":0,"29":0,"30":0,"31":0,"34":0,"35":0,"36":0,"37":0,"38":0,"39":0,"40":0,"41":0,"42":0,"43":0,"44":0,"45":0,"46":0,"47":0,"48":0,"49":0,"50":0,"51":0,"52":0,"54":0,"56":0,"57":0,"58":0,"59":0,"62":0,"63":0,"66":0,"67":0,"68":0,"70":0,"71":0,"72":0,"73":0,"74":0,"75":0,"76":0,"78":0,"79":0,"80":0,"81":0,"82":0,"83":0,"84":0,"86":0,"88":0,"89":0,"90":0,"91":0,"93":0,"94":0,"95":0,"96":0,"97":0,"98":0,"99":0,"101":0,"102":0,"104":0,"105":0,"107":0,"108":0,"109":0,"111":0,"114":0,"115":0,"118":0,"121":0,"122":0,"123":0,"124":0,"125":0,"127":0,"128":0,"129":0,"130":0,"131":0,"133":0,"134":0,"135":0,"136":0,"139":0,"140":0,"143":0,"144":0,"145":0,"146":0,"147":0,"148":0,"149":0,"150":0,"152":0,"153":0,"154":0,"155":0,"156":0,"159":0,"160":0,"161":0,"162":0,"165":0,"166":0,"167":0,"168":0,"169":0,"170":0,"172":0,"173":0,"174":0,"175":0,"176":0,"177":0,"180":0,"181":0,"182":0,"183":0,"184":0,"185":0,"186":0,"187":0,"190":0,"191":0,"192":0,"193":0,"194":0,"195":0,"196":0,"199":0,"200":0,"201":0,"202":0,"203":0,"204":0,"205":0,"206":0,"207":0,"209":0,"210":0,"211":0,"213":0,"214":0,"216":0,"217":0,"218":0,"219":0,"221":0,"222":0,"223":0,"224":0,"225":0,"228":0,"229":0,"230":0,"231":0,"232":0,"233":0,"234":0,"235":0,"237":0,"238":0,"239":0,"240":0,"241":0,"242":0,"243":0,"244":0,"245":0,"246":0,"247":0,"248":0,"249":0,"251":0,"252":0,"253":0,"254":0,"256":0,"259":0,"260":0,"261":0,"262":0,"263":0,"265":0,"266":0,"267":0,"271":0,"272":0,"274":0,"276":0},"branchMap":{"0":{"type":"branch","line":1,"loc":{"start":{"line":1,"column":8893},"end":{"line":277,"column":28}},"locations":[{"start":{"line":1,"column":8893},"end":{"line":277,"column":28}}]}},"b":{"0":[0]},"fnMap":{"0":{"name":"(empty-report)","decl":{"start":{"line":1,"column":8893},"end":{"line":277,"column":28}},"loc":{"start":{"line":1,"column":8893},"end":{"line":277,"column":28}},"line":1}},"f":{"0":0}}
,"/Users/Artyom_Vetlugin/AVPetProjects/ClosetAssistant/src/components/ItemDetail.tsx": {"path":"/Users/Artyom_Vetlugin/AVPetProjects/ClosetAssistant/src/components/ItemDetail.tsx","all":true,"statementMap":{"0":{"start":{"line":1,"column":0},"end":{"line":1,"column":32}},"2":{"start":{"line":3,"column":0},"end":{"line":3,"column":56}},"3":{"start":{"line":4,"column":0},"end":{"line":4,"column":50}},"4":{"start":{"line":5,"column":0},"end":{"line":5,"column":49}},"5":{"start":{"line":6,"column":0},"end":{"line":6,"column":46}},"14":{"start":{"line":15,"column":0},"end":{"line":15,"column":62}},"15":{"start":{"line":16,"column":0},"end":{"line":16,"column":129}},"16":{"start":{"line":17,"column":0},"end":{"line":17,"column":54}},"18":{"start":{"line":19,"column":0},"end":{"line":19,"column":92}},"19":{"start":{"line":20,"column":0},"end":{"line":20,"column":28}},"20":{"start":{"line":21,"column":0},"end":{"line":21,"column":68}},"21":{"start":{"line":22,"column":0},"end":{"line":22,"column":51}},"22":{"start":{"line":23,"column":0},"end":{"line":23,"column":51}},"23":{"start":{"line":24,"column":0},"end":{"line":24,"column":67}},"24":{"start":{"line":25,"column":0},"end":{"line":25,"column":57}},"27":{"start":{"line":28,"column":0},"end":{"line":28,"column":44}},"28":{"start":{"line":29,"column":0},"end":{"line":29,"column":20}},"29":{"start":{"line":30,"column":0},"end":{"line":30,"column":22}},"30":{"start":{"line":31,"column":0},"end":{"line":31,"column":31}},"31":{"start":{"line":32,"column":0},"end":{"line":32,"column":4}},"33":{"start":{"line":34,"column":0},"end":{"line":34,"column":34}},"34":{"start":{"line":35,"column":0},"end":{"line":35,"column":77}},"35":{"start":{"line":36,"column":0},"end":{"line":36,"column":38}},"36":{"start":{"line":37,"column":0},"end":{"line":37,"column":12}},"37":{"start":{"line":38,"column":0},"end":{"line":38,"column":5}},"39":{"start":{"line":40,"column":0},"end":{"line":40,"column":22}},"40":{"start":{"line":41,"column":0},"end":{"line":41,"column":9}},"41":{"start":{"line":42,"column":0},"end":{"line":42,"column":60}},"42":{"start":{"line":43,"column":0},"end":{"line":43,"column":20}},"43":{"start":{"line":44,"column":0},"end":{"line":44,"column":28}},"44":{"start":{"line":45,"column":0},"end":{"line":45,"column":30}},"45":{"start":{"line":46,"column":0},"end":{"line":46,"column":33}},"46":{"start":{"line":47,"column":0},"end":{"line":47,"column":8}},"47":{"start":{"line":48,"column":0},"end":{"line":48,"column":27}},"48":{"start":{"line":49,"column":0},"end":{"line":49,"column":25}},"49":{"start":{"line":50,"column":0},"end":{"line":50,"column":21}},"50":{"start":{"line":51,"column":0},"end":{"line":51,"column":50}},"51":{"start":{"line":52,"column":0},"end":{"line":52,"column":41}},"52":{"start":{"line":53,"column":0},"end":{"line":53,"column":15}},"53":{"start":{"line":54,"column":0},"end":{"line":54,"column":25}},"54":{"start":{"line":55,"column":0},"end":{"line":55,"column":5}},"55":{"start":{"line":56,"column":0},"end":{"line":56,"column":3}},"57":{"start":{"line":58,"column":0},"end":{"line":58,"column":36}},"58":{"start":{"line":59,"column":0},"end":{"line":59,"column":22}},"59":{"start":{"line":60,"column":0},"end":{"line":60,"column":9}},"61":{"start":{"line":62,"column":0},"end":{"line":62,"column":11}},"62":{"start":{"line":63,"column":0},"end":{"line":63,"column":23}},"63":{"start":{"line":64,"column":0},"end":{"line":64,"column":65}},"64":{"start":{"line":65,"column":0},"end":{"line":65,"column":9}},"65":{"start":{"line":66,"column":0},"end":{"line":66,"column":19}},"66":{"start":{"line":67,"column":0},"end":{"line":67,"column":48}},"67":{"start":{"line":68,"column":0},"end":{"line":68,"column":7}},"68":{"start":{"line":69,"column":0},"end":{"line":69,"column":47}},"69":{"start":{"line":70,"column":0},"end":{"line":70,"column":23}},"70":{"start":{"line":71,"column":0},"end":{"line":71,"column":15}},"71":{"start":{"line":72,"column":0},"end":{"line":72,"column":21}},"72":{"start":{"line":73,"column":0},"end":{"line":73,"column":50}},"73":{"start":{"line":74,"column":0},"end":{"line":74,"column":41}},"74":{"start":{"line":75,"column":0},"end":{"line":75,"column":15}},"75":{"start":{"line":76,"column":0},"end":{"line":76,"column":25}},"76":{"start":{"line":77,"column":0},"end":{"line":77,"column":5}},"77":{"start":{"line":78,"column":0},"end":{"line":78,"column":3}},"79":{"start":{"line":80,"column":0},"end":{"line":80,"column":46}},"80":{"start":{"line":81,"column":0},"end":{"line":81,"column":20}},"81":{"start":{"line":82,"column":0},"end":{"line":82,"column":35}},"82":{"start":{"line":83,"column":0},"end":{"line":83,"column":12}},"83":{"start":{"line":84,"column":0},"end":{"line":84,"column":5}},"84":{"start":{"line":85,"column":0},"end":{"line":85,"column":25}},"85":{"start":{"line":86,"column":0},"end":{"line":86,"column":9}},"86":{"start":{"line":87,"column":0},"end":{"line":87,"column":40}},"87":{"start":{"line":88,"column":0},"end":{"line":88,"column":62}},"88":{"start":{"line":89,"column":0},"end":{"line":89,"column":82}},"89":{"start":{"line":90,"column":0},"end":{"line":90,"column":82}},"90":{"start":{"line":91,"column":0},"end":{"line":91,"column":32}},"91":{"start":{"line":92,"column":0},"end":{"line":92,"column":33}},"92":{"start":{"line":93,"column":0},"end":{"line":93,"column":8}},"94":{"start":{"line":95,"column":0},"end":{"line":95,"column":60}},"95":{"start":{"line":96,"column":0},"end":{"line":96,"column":20}},"96":{"start":{"line":97,"column":0},"end":{"line":97,"column":30}},"97":{"start":{"line":98,"column":0},"end":{"line":98,"column":8}},"100":{"start":{"line":101,"column":0},"end":{"line":101,"column":11}},"101":{"start":{"line":102,"column":0},"end":{"line":102,"column":60}},"102":{"start":{"line":103,"column":0},"end":{"line":103,"column":30}},"103":{"start":{"line":104,"column":0},"end":{"line":104,"column":65}},"104":{"start":{"line":105,"column":0},"end":{"line":105,"column":7}},"106":{"start":{"line":107,"column":0},"end":{"line":107,"column":27}},"107":{"start":{"line":108,"column":0},"end":{"line":108,"column":21}},"108":{"start":{"line":109,"column":0},"end":{"line":109,"column":56}},"109":{"start":{"line":110,"column":0},"end":{"line":110,"column":43}},"110":{"start":{"line":111,"column":0},"end":{"line":111,"column":15}},"111":{"start":{"line":112,"column":0},"end":{"line":112,"column":28}},"112":{"start":{"line":113,"column":0},"end":{"line":113,"column":5}},"113":{"start":{"line":114,"column":0},"end":{"line":114,"column":3}},"115":{"start":{"line":116,"column":0},"end":{"line":116,"column":44}},"116":{"start":{"line":117,"column":0},"end":{"line":117,"column":26}},"117":{"start":{"line":118,"column":0},"end":{"line":118,"column":14}},"118":{"start":{"line":119,"column":0},"end":{"line":119,"column":44}},"119":{"start":{"line":120,"column":0},"end":{"line":120,"column":48}},"120":{"start":{"line":121,"column":0},"end":{"line":121,"column":35}},"121":{"start":{"line":122,"column":0},"end":{"line":122,"column":7}},"122":{"start":{"line":123,"column":0},"end":{"line":123,"column":3}},"124":{"start":{"line":125,"column":0},"end":{"line":125,"column":10}},"125":{"start":{"line":126,"column":0},"end":{"line":126,"column":100}},"126":{"start":{"line":127,"column":0},"end":{"line":127,"column":88}},"128":{"start":{"line":129,"column":0},"end":{"line":129,"column":72}},"129":{"start":{"line":130,"column":0},"end":{"line":130,"column":76}},"130":{"start":{"line":131,"column":0},"end":{"line":131,"column":17}},"131":{"start":{"line":132,"column":0},"end":{"line":132,"column":29}},"132":{"start":{"line":133,"column":0},"end":{"line":133,"column":57}},"133":{"start":{"line":134,"column":0},"end":{"line":134,"column":11}},"135":{"start":{"line":136,"column":0},"end":{"line":136,"column":19}},"136":{"start":{"line":137,"column":0},"end":{"line":137,"column":14}},"139":{"start":{"line":140,"column":0},"end":{"line":140,"column":29}},"141":{"start":{"line":142,"column":0},"end":{"line":142,"column":125}},"142":{"start":{"line":143,"column":0},"end":{"line":143,"column":16}},"143":{"start":{"line":144,"column":0},"end":{"line":144,"column":34}},"144":{"start":{"line":145,"column":0},"end":{"line":145,"column":33}},"145":{"start":{"line":146,"column":0},"end":{"line":146,"column":54}},"146":{"start":{"line":147,"column":0},"end":{"line":147,"column":14}},"147":{"start":{"line":148,"column":0},"end":{"line":148,"column":16}},"148":{"start":{"line":149,"column":0},"end":{"line":149,"column":25}},"149":{"start":{"line":150,"column":0},"end":{"line":150,"column":34}},"150":{"start":{"line":151,"column":0},"end":{"line":151,"column":21}},"151":{"start":{"line":152,"column":0},"end":{"line":152,"column":48}},"152":{"start":{"line":153,"column":0},"end":{"line":153,"column":39}},"153":{"start":{"line":154,"column":0},"end":{"line":154,"column":61}},"155":{"start":{"line":156,"column":0},"end":{"line":156,"column":86}},"156":{"start":{"line":157,"column":0},"end":{"line":157,"column":23}},"157":{"start":{"line":158,"column":0},"end":{"line":158,"column":18}},"160":{"start":{"line":161,"column":0},"end":{"line":161,"column":25}},"162":{"start":{"line":163,"column":0},"end":{"line":163,"column":39}},"163":{"start":{"line":164,"column":0},"end":{"line":164,"column":19}},"164":{"start":{"line":165,"column":0},"end":{"line":165,"column":108}},"165":{"start":{"line":166,"column":0},"end":{"line":166,"column":71}},"166":{"start":{"line":167,"column":0},"end":{"line":167,"column":20}},"168":{"start":{"line":169,"column":0},"end":{"line":169,"column":19}},"169":{"start":{"line":170,"column":0},"end":{"line":170,"column":109}},"170":{"start":{"line":171,"column":0},"end":{"line":171,"column":72}},"171":{"start":{"line":172,"column":0},"end":{"line":172,"column":20}},"173":{"start":{"line":174,"column":0},"end":{"line":174,"column":19}},"174":{"start":{"line":175,"column":0},"end":{"line":175,"column":110}},"175":{"start":{"line":176,"column":0},"end":{"line":176,"column":54}},"176":{"start":{"line":177,"column":0},"end":{"line":177,"column":55}},"177":{"start":{"line":178,"column":0},"end":{"line":178,"column":114}},"178":{"start":{"line":179,"column":0},"end":{"line":179,"column":53}},"179":{"start":{"line":180,"column":0},"end":{"line":180,"column":27}},"180":{"start":{"line":181,"column":0},"end":{"line":181,"column":21}},"181":{"start":{"line":182,"column":0},"end":{"line":182,"column":22}},"182":{"start":{"line":183,"column":0},"end":{"line":183,"column":20}},"184":{"start":{"line":185,"column":0},"end":{"line":185,"column":46}},"185":{"start":{"line":186,"column":0},"end":{"line":186,"column":23}},"186":{"start":{"line":187,"column":0},"end":{"line":187,"column":52}},"187":{"start":{"line":188,"column":0},"end":{"line":188,"column":48}},"189":{"start":{"line":190,"column":0},"end":{"line":190,"column":44}},"190":{"start":{"line":191,"column":0},"end":{"line":191,"column":25}},"191":{"start":{"line":192,"column":0},"end":{"line":192,"column":23}},"192":{"start":{"line":193,"column":0},"end":{"line":193,"column":60}},"193":{"start":{"line":194,"column":0},"end":{"line":194,"column":93}},"195":{"start":{"line":196,"column":0},"end":{"line":196,"column":46}},"196":{"start":{"line":197,"column":0},"end":{"line":197,"column":25}},"197":{"start":{"line":198,"column":0},"end":{"line":198,"column":20}},"198":{"start":{"line":199,"column":0},"end":{"line":199,"column":18}},"201":{"start":{"line":202,"column":0},"end":{"line":202,"column":39}},"202":{"start":{"line":203,"column":0},"end":{"line":203,"column":19}},"203":{"start":{"line":204,"column":0},"end":{"line":204,"column":108}},"204":{"start":{"line":205,"column":0},"end":{"line":205,"column":23}},"205":{"start":{"line":206,"column":0},"end":{"line":206,"column":39}},"206":{"start":{"line":207,"column":0},"end":{"line":207,"column":116}},"207":{"start":{"line":208,"column":0},"end":{"line":208,"column":129}},"209":{"start":{"line":210,"column":0},"end":{"line":210,"column":47}},"210":{"start":{"line":211,"column":0},"end":{"line":211,"column":90}},"211":{"start":{"line":212,"column":0},"end":{"line":212,"column":21}},"212":{"start":{"line":213,"column":0},"end":{"line":213,"column":25}},"213":{"start":{"line":214,"column":0},"end":{"line":214,"column":20}},"215":{"start":{"line":216,"column":0},"end":{"line":216,"column":19}},"216":{"start":{"line":217,"column":0},"end":{"line":217,"column":109}},"217":{"start":{"line":218,"column":0},"end":{"line":218,"column":23}},"218":{"start":{"line":219,"column":0},"end":{"line":219,"column":40}},"219":{"start":{"line":220,"column":0},"end":{"line":220,"column":118}},"220":{"start":{"line":221,"column":0},"end":{"line":221,"column":129}},"222":{"start":{"line":223,"column":0},"end":{"line":223,"column":40}},"223":{"start":{"line":224,"column":0},"end":{"line":224,"column":93}},"224":{"start":{"line":225,"column":0},"end":{"line":225,"column":21}},"225":{"start":{"line":226,"column":0},"end":{"line":226,"column":25}},"226":{"start":{"line":227,"column":0},"end":{"line":227,"column":20}},"228":{"start":{"line":229,"column":0},"end":{"line":229,"column":19}},"229":{"start":{"line":230,"column":0},"end":{"line":230,"column":110}},"230":{"start":{"line":231,"column":0},"end":{"line":231,"column":56}},"231":{"start":{"line":232,"column":0},"end":{"line":232,"column":42}},"232":{"start":{"line":233,"column":0},"end":{"line":233,"column":95}},"233":{"start":{"line":234,"column":0},"end":{"line":234,"column":28}},"234":{"start":{"line":235,"column":0},"end":{"line":235,"column":39}},"235":{"start":{"line":236,"column":0},"end":{"line":236,"column":67}},"236":{"start":{"line":237,"column":0},"end":{"line":237,"column":61}},"237":{"start":{"line":238,"column":0},"end":{"line":238,"column":93}},"238":{"start":{"line":239,"column":0},"end":{"line":239,"column":24}},"239":{"start":{"line":240,"column":0},"end":{"line":240,"column":89}},"240":{"start":{"line":241,"column":0},"end":{"line":241,"column":28}},"241":{"start":{"line":242,"column":0},"end":{"line":242,"column":21}},"242":{"start":{"line":243,"column":0},"end":{"line":243,"column":22}},"243":{"start":{"line":244,"column":0},"end":{"line":244,"column":20}},"245":{"start":{"line":246,"column":0},"end":{"line":246,"column":51}},"246":{"start":{"line":247,"column":0},"end":{"line":247,"column":23}},"247":{"start":{"line":248,"column":0},"end":{"line":248,"column":38}},"248":{"start":{"line":249,"column":0},"end":{"line":249,"column":38}},"249":{"start":{"line":250,"column":0},"end":{"line":250,"column":68}},"251":{"start":{"line":252,"column":0},"end":{"line":252,"column":84}},"252":{"start":{"line":253,"column":0},"end":{"line":253,"column":25}},"253":{"start":{"line":254,"column":0},"end":{"line":254,"column":23}},"254":{"start":{"line":255,"column":0},"end":{"line":255,"column":34}},"255":{"start":{"line":256,"column":0},"end":{"line":256,"column":39}},"256":{"start":{"line":257,"column":0},"end":{"line":257,"column":33}},"257":{"start":{"line":258,"column":0},"end":{"line":258,"column":38}},"258":{"start":{"line":259,"column":0},"end":{"line":259,"column":40}},"259":{"start":{"line":260,"column":0},"end":{"line":260,"column":49}},"260":{"start":{"line":261,"column":0},"end":{"line":261,"column":22}},"261":{"start":{"line":262,"column":0},"end":{"line":262,"column":20}},"262":{"start":{"line":263,"column":0},"end":{"line":263,"column":38}},"263":{"start":{"line":264,"column":0},"end":{"line":264,"column":50}},"265":{"start":{"line":266,"column":0},"end":{"line":266,"column":38}},"266":{"start":{"line":267,"column":0},"end":{"line":267,"column":25}},"267":{"start":{"line":268,"column":0},"end":{"line":268,"column":20}},"268":{"start":{"line":269,"column":0},"end":{"line":269,"column":18}},"270":{"start":{"line":271,"column":0},"end":{"line":271,"column":14}},"271":{"start":{"line":272,"column":0},"end":{"line":272,"column":12}},"274":{"start":{"line":275,"column":0},"end":{"line":275,"column":29}},"275":{"start":{"line":276,"column":0},"end":{"line":276,"column":104}},"276":{"start":{"line":277,"column":0},"end":{"line":277,"column":67}},"277":{"start":{"line":278,"column":0},"end":{"line":278,"column":96}},"278":{"start":{"line":279,"column":0},"end":{"line":279,"column":46}},"279":{"start":{"line":280,"column":0},"end":{"line":280,"column":49}},"280":{"start":{"line":281,"column":0},"end":{"line":281,"column":16}},"281":{"start":{"line":282,"column":0},"end":{"line":282,"column":44}},"282":{"start":{"line":283,"column":0},"end":{"line":283,"column":21}},"283":{"start":{"line":284,"column":0},"end":{"line":284,"column":38}},"284":{"start":{"line":285,"column":0},"end":{"line":285,"column":36}},"285":{"start":{"line":286,"column":0},"end":{"line":286,"column":111}},"287":{"start":{"line":288,"column":0},"end":{"line":288,"column":71}},"288":{"start":{"line":289,"column":0},"end":{"line":289,"column":23}},"289":{"start":{"line":290,"column":0},"end":{"line":290,"column":21}},"290":{"start":{"line":291,"column":0},"end":{"line":291,"column":59}},"291":{"start":{"line":292,"column":0},"end":{"line":292,"column":36}},"292":{"start":{"line":293,"column":0},"end":{"line":293,"column":48}},"294":{"start":{"line":295,"column":0},"end":{"line":295,"column":36}},"295":{"start":{"line":296,"column":0},"end":{"line":296,"column":23}},"296":{"start":{"line":297,"column":0},"end":{"line":297,"column":18}},"297":{"start":{"line":298,"column":0},"end":{"line":298,"column":16}},"298":{"start":{"line":299,"column":0},"end":{"line":299,"column":14}},"300":{"start":{"line":301,"column":0},"end":{"line":301,"column":10}},"302":{"start":{"line":303,"column":0},"end":{"line":303,"column":1}}},"s":{"0":0,"2":0,"3":0,"4":0,"5":0,"14":0,"15":0,"16":0,"18":0,"19":0,"20":0,"21":0,"22":0,"23":0,"24":0,"27":0,"28":0,"29":0,"30":0,"31":0,"33":0,"34":0,"35":0,"36":0,"37":0,"39":0,"40":0,"41":0,"42":0,"43":0,"44":0,"45":0,"46":0,"47":0,"48":0,"49":0,"50":0,"51":0,"52":0,"53":0,"54":0,"55":0,"57":0,"58":0,"59":0,"61":0,"62":0,"63":0,"64":0,"65":0,"66":0,"67":0,"68":0,"69":0,"70":0,"71":0,"72":0,"73":0,"74":0,"75":0,"76":0,"77":0,"79":0,"80":0,"81":0,"82":0,"83":0,"84":0,"85":0,"86":0,"87":0,"88":0,"89":0,"90":
[...]
,"/Users/Artyom_Vetlugin/AVPetProjects/ClosetAssistant/src/pages/Wardrobe.tsx": {"path":"/Users/Artyom_Vetlugin/AVPetProjects/ClosetAssistant/src/pages/Wardrobe.tsx","all":true,"statementMap":{"0":{"start":{"line":1,"column":0},"end":{"line":1,"column":43}},"1":{"start":{"line":2,"column":0},"end":{"line":2,"column":52}},"2":{"start":{"line":3,"column":0},"end":{"line":3,"column":82}},"4":{"start":{"line":5,"column":0},"end":{"line":5,"column":49}},"5":{"start":{"line":6,"column":0},"end":{"line":6,"column":46}},"7":{"start":{"line":8,"column":0},"end":{"line":8,"column":24}},"8":{"start":{"line":9,"column":0},"end":{"line":9,"column":32}},"9":{"start":{"line":10,"column":0},"end":{"line":10,"column":56}},"10":{"start":{"line":11,"column":0},"end":{"line":11,"column":46}},"11":{"start":{"line":12,"column":0},"end":{"line":12,"column":40}},"12":{"start":{"line":13,"column":0},"end":{"line":13,"column":77}},"13":{"start":{"line":14,"column":0},"end":{"line":14,"column":44}},"14":{"start":{"line":15,"column":0},"end":{"line":15,"column":65}},"15":{"start":{"line":16,"column":0},"end":{"line":16,"column":54}},"18":{"start":{"line":19,"column":0},"end":{"line":19,"column":19}},"19":{"start":{"line":20,"column":0},"end":{"line":20,"column":34}},"20":{"start":{"line":21,"column":0},"end":{"line":21,"column":40}},"22":{"start":{"line":23,"column":0},"end":{"line":23,"column":44}},"23":{"start":{"line":24,"column":0},"end":{"line":24,"column":5}},"24":{"start":{"line":25,"column":0},"end":{"line":25,"column":22}},"27":{"start":{"line":28,"column":0},"end":{"line":28,"column":19}},"28":{"start":{"line":29,"column":0},"end":{"line":29,"column":15}},"29":{"start":{"line":30,"column":0},"end":{"line":30,"column":15}},"31":{"start":{"line":32,"column":0},"end":{"line":32,"column":33}},"32":{"start":{"line":33,"column":0},"end":{"line":33,"column":9}},"33":{"start":{"line":34,"column":0},"end":{"line":34,"column":22}},"34":{"start":{"line":35,"column":0},"end":{"line":35,"column":18}},"35":{"start":{"line":36,"column":0},"end":{"line":36,"column":67}},"36":{"start":{"line":37,"column":0},"end":{"line":37,"column":29}},"37":{"start":{"line":38,"column":0},"end":{"line":38,"column":19}},"38":{"start":{"line":39,"column":0},"end":{"line":39,"column":48}},"39":{"start":{"line":40,"column":0},"end":{"line":40,"column":39}},"40":{"start":{"line":41,"column":0},"end":{"line":41,"column":15}},"41":{"start":{"line":42,"column":0},"end":{"line":42,"column":23}},"42":{"start":{"line":43,"column":0},"end":{"line":43,"column":5}},"43":{"start":{"line":44,"column":0},"end":{"line":44,"column":3}},"45":{"start":{"line":46,"column":0},"end":{"line":46,"column":88}},"46":{"start":{"line":47,"column":0},"end":{"line":47,"column":25}},"47":{"start":{"line":48,"column":0},"end":{"line":48,"column":14}},"48":{"start":{"line":49,"column":0},"end":{"line":49,"column":38}},"49":{"start":{"line":50,"column":0},"end":{"line":50,"column":7}},"50":{"start":{"line":51,"column":0},"end":{"line":51,"column":3}},"52":{"start":{"line":53,"column":0},"end":{"line":53,"column":48}},"53":{"start":{"line":54,"column":0},"end":{"line":54,"column":33}},"54":{"start":{"line":55,"column":0},"end":{"line":55,"column":54}},"55":{"start":{"line":56,"column":0},"end":{"line":56,"column":16}},"56":{"start":{"line":57,"column":0},"end":{"line":57,"column":3}},"59":{"start":{"line":60,"column":0},"end":{"line":60,"column":59}},"60":{"start":{"line":61,"column":0},"end":{"line":61,"column":26}},"61":{"start":{"line":62,"column":0},"end":{"line":62,"column":28}},"62":{"start":{"line":63,"column":0},"end":{"line":63,"column":55}},"63":{"start":{"line":64,"column":0},"end":{"line":64,"column":7}},"64":{"start":{"line":65,"column":0},"end":{"line":65,"column":5}},"65":{"start":{"line":66,"column":0},"end":{"line":66,"column":44}},"66":{"start":{"line":67,"column":0},"end":{"line":67,"column":42}},"67":{"start":{"line":68,"column":0},"end":{"line":68,"column":3}},"70":{"start":{"line":71,"column":0},"end":{"line":71,"column":55}},"71":{"start":{"line":72,"column":0},"end":{"line":72,"column":26}},"72":{"start":{"line":73,"column":0},"end":{"line":73,"column":57}},"73":{"start":{"line":74,"column":0},"end":{"line":74,"column":5}},"74":{"start":{"line":75,"column":0},"end":{"line":75,"column":44}},"75":{"start":{"line":76,"column":0},"end":{"line":76,"column":42}},"76":{"start":{"line":77,"column":0},"end":{"line":77,"column":3}},"78":{"start":{"line":79,"column":0},"end":{"line":79,"column":10}},"79":{"start":{"line":80,"column":0},"end":{"line":80,"column":31}},"80":{"start":{"line":81,"column":0},"end":{"line":81,"column":19}},"81":{"start":{"line":82,"column":0},"end":{"line":82,"column":94}},"82":{"start":{"line":83,"column":0},"end":{"line":83,"column":19}},"83":{"start":{"line":84,"column":0},"end":{"line":84,"column":14}},"86":{"start":{"line":87,"column":0},"end":{"line":87,"column":57}},"87":{"start":{"line":88,"column":0},"end":{"line":88,"column":83}},"88":{"start":{"line":89,"column":0},"end":{"line":89,"column":53}},"89":{"start":{"line":90,"column":0},"end":{"line":90,"column":33}},"90":{"start":{"line":91,"column":0},"end":{"line":91,"column":15}},"91":{"start":{"line":92,"column":0},"end":{"line":92,"column":12}},"94":{"start":{"line":95,"column":0},"end":{"line":95,"column":28}},"95":{"start":{"line":96,"column":0},"end":{"line":96,"column":84}},"96":{"start":{"line":97,"column":0},"end":{"line":97,"column":63}},"97":{"start":{"line":98,"column":0},"end":{"line":98,"column":15}},"98":{"start":{"line":99,"column":0},"end":{"line":99,"column":76}},"99":{"start":{"line":100,"column":0},"end":{"line":100,"column":34}},"100":{"start":{"line":101,"column":0},"end":{"line":101,"column":20}},"101":{"start":{"line":102,"column":0},"end":{"line":102,"column":20}},"102":{"start":{"line":103,"column":0},"end":{"line":103,"column":40}},"103":{"start":{"line":104,"column":0},"end":{"line":104,"column":74}},"104":{"start":{"line":105,"column":0},"end":{"line":105,"column":115}},"106":{"start":{"line":107,"column":0},"end":{"line":107,"column":64}},"107":{"start":{"line":108,"column":0},"end":{"line":108,"column":66}},"108":{"start":{"line":109,"column":0},"end":{"line":109,"column":72}},"109":{"start":{"line":110,"column":0},"end":{"line":110,"column":70}},"110":{"start":{"line":111,"column":0},"end":{"line":111,"column":78}},"111":{"start":{"line":112,"column":0},"end":{"line":112,"column":70}},"112":{"start":{"line":113,"column":0},"end":{"line":113,"column":78}},"113":{"start":{"line":114,"column":0},"end":{"line":114,"column":21}},"114":{"start":{"line":115,"column":0},"end":{"line":115,"column":16}},"115":{"start":{"line":116,"column":0},"end":{"line":116,"column":15}},"116":{"start":{"line":117,"column":0},"end":{"line":117,"column":76}},"117":{"start":{"line":118,"column":0},"end":{"line":118,"column":35}},"118":{"start":{"line":119,"column":0},"end":{"line":119,"column":20}},"119":{"start":{"line":120,"column":0},"end":{"line":120,"column":20}},"120":{"start":{"line":121,"column":0},"end":{"line":121,"column":41}},"121":{"start":{"line":122,"column":0},"end":{"line":122,"column":75}},"122":{"start":{"line":123,"column":0},"end":{"line":123,"column":115}},"124":{"start":{"line":125,"column":0},"end":{"line":125,"column":65}},"125":{"start":{"line":126,"column":0},"end":{"line":126,"column":71}},"126":{"start":{"line":127,"column":0},"end":{"line":127,"column":71}},"127":{"start":{"line":128,"column":0},"end":{"line":128,"column":69}},"128":{"start":{"line":129,"column":0},"end":{"line":129,"column":69}},"129":{"start":{"line":130,"column":0},"end":{"line":130,"column":67}},"130":{"start":{"line":131,"column":0},"end":{"line":131,"column":71}},"131":{"start":{"line":132,"column":0},"end":{"line":132,"column":73}},"132":{"start":{"line":133,"column":0},"end":{"line":133,"column":69}},"133":{"start":{"line":134,"column":0},"end":{"line":134,"column":73}},"134":{"start":{"line":135,"column":0},"end":{"line":135,"column":71}},"135":{"start":{"line":136,"column":0},"end":{"line":136,"column":73}},"136":{"start":{"line":137,"column":0},"end":{"line":137,"column":21}},"137":{"start":{"line":138,"column":0},"end":{"line":138,"column":16}},"138":{"start":{"line":139,"column":0},"end":{"line":139,"column":15}},"139":{"start":{"line":140,"column":0},"end":{"line":140,"column":76}},"140":{"start":{"line":141,"column":0},"end":{"line":141,"column":36}},"141":{"start":{"line":142,"column":0},"end":{"line":142,"column":20}},"142":{"start":{"line":143,"column":0},"end":{"line":143,"column":20}},"143":{"start":{"line":144,"column":0},"end":{"line":144,"column":42}},"144":{"start":{"line":145,"column":0},"end":{"line":145,"column":76}},"145":{"start":{"line":146,"column":0},"end":{"line":146,"column":115}},"147":{"start":{"line":148,"column":0},"end":{"line":148,"column":66}},"148":{"start":{"line":149,"column":0},"end":{"line":149,"column":74}},"149":{"start":{"line":150,"column":0},"end":{"line":150,"column":74}},"150":{"start":{"line":151,"column":0},"end":{"line":151,"column":70}},"151":{"start":{"line":152,"column":0},"end":{"line":152,"column":74}},"152":{"start":{"line":153,"column":0},"end":{"line":153,"column":21}},"153":{"start":{"line":154,"column":0},"end":{"line":154,"column":16}},"154":{"start":{"line":155,"column":0},"end":{"line":155,"column":14}},"155":{"start":{"line":156,"column":0},"end":{"line":156,"column":12}},"158":{"start":{"line":159,"column":0},"end":{"line":159,"column":17}},"159":{"start":{"line":160,"column":0},"end":{"line":160,"column":88}},"160":{"start":{"line":161,"column":0},"end":{"line":161,"column":17}},"161":{"start":{"line":162,"column":0},"end":{"line":162,"column":18}},"162":{"start":{"line":163,"column":0},"end":{"line":163,"column":31}},"163":{"start":{"line":164,"column":0},"end":{"line":164,"column":65}},"165":{"start":{"line":166,"column":0},"end":{"line":166,"column":34}},"166":{"start":{"line":167,"column":0},"end":{"line":167,"column":19}},"167":{"start":{"line":168,"column":0},"end":{"line":168,"column":14}},"171":{"start":{"line":172,"column":0},"end":{"line":172,"column":19}},"172":{"start":{"line":173,"column":0},"end":{"line":173,"column":43}},"173":{"start":{"line":174,"column":0},"end":{"line":174,"column":49}},"174":{"start":{"line":175,"column":0},"end":{"line":175,"column":66}},"175":{"start":{"line":176,"column":0},"end":{"line":176,"column":14}},"179":{"start":{"line":180,"column":0},"end":{"line":180,"column":20}},"180":{"start":{"line":181,"column":0},"end":{"line":181,"column":78}},"181":{"start":{"line":182,"column":0},"end":{"line":182,"column":31}},"182":{"start":{"line":183,"column":0},"end":{"line":183,"column":33}},"183":{"start":{"line":184,"column":0},"end":{"line":184,"column":19}},"184":{"start":{"line":185,"column":0},"end":{"line":185,"column":30}},"185":{"start":{"line":186,"column":0},"end":{"line":186,"column":53}},"186":{"start":{"line":187,"column":0},"end":{"line":187,"column":124}},"188":{"start":{"line":189,"column":0},"end":{"line":189,"column":56}},"189":{"start":{"line":190,"column":0},"end":{"line":190,"column":22}},"190":{"start":{"line":191,"column":0},"end":{"line":191,"column":40}},"191":{"start":{"line":192,"column":0},"end":{"line":192,"column":54}},"192":{"start":{"line":193,"column":0},"end":{"line":193,"column":58}},"193":{"start":{"line":194,"column":0},"end":{"line":194,"column":34}},"194":{"start":{"line":195,"column":0},"end":{"line":195,"column":20}},"195":{"start":{"line":196,"column":0},"end":{"line":196,"column":118}},"196":{"start":{"line":197,"column":0},"end":{"line":197,"column":31}},"197":{"start":{"line":198,"column":0},"end":{"line":198,"column":24}},"198":{"start":{"line":199,"column":0},"end":{"line":199,"column":22}},"199":{"start":{"line":200,"column":0},"end":{"line":200,"column":37}},"200":{"start":{"line":201,"column":0},"end":{"line":201,"column":74}},"201":{"start":{"line":202,"column":0},"end":{"line":202,"column":75}},"202":{"start":{"line":203,"column":0},"end":{"line":203,"column":34}},"203":{"start":{"line":204,"column":0},"end":{"line":204,"column":27}},"204":{"start":{"line":205,"column":0},"end":{"line":205,"column":71}},"205":{"start":{"line":206,"column":0},"end":{"line":206,"column":33}},"206":{"start":{"line":207,"column":0},"end":{"line":207,"column":27}},"207":{"start":{"line":208,"column":0},"end":{"line":208,"column":24}},"208":{"start":{"line":209,"column":0},"end":{"line":209,"column":57}},"209":{"start":{"line":210,"column":0},"end":{"line":210,"column":86}},"210":{"start":{"line":211,"column":0},"end":{"line":211,"column":24}},"211":{"start":{"line":212,"column":0},"end":{"line":212,"column":62}},"212":{"start":{"line":213,"column":0},"end":{"line":213,"column":101}},"213":{"start":{"line":214,"column":0},"end":{"line":214,"column":24}},"214":{"start":{"line":215,"column":0},"end":{"line":215,"column":22}},"215":{"start":{"line":216,"column":0},"end":{"line":216,"column":20}},"216":{"start":{"line":217,"column":0},"end":{"line":217,"column":14}},"218":{"start":{"line":219,"column":0},"end":{"line":219,"column":43}},"219":{"start":{"line":220,"column":0},"end":{"line":220,"column":49}},"220":{"start":{"line":221,"column":0},"end":{"line":221,"column":55}},"221":{"start":{"line":222,"column":0},"end":{"line":222,"column":73}},"222":{"start":{"line":223,"column":0},"end":{"line":223,"column":95}},"223":{"start":{"line":224,"column":0},"end":{"line":224,"column":55}},"224":{"start":{"line":225,"column":0},"end":{"line":225,"column":47}},"225":{"start":{"line":226,"column":0},"end":{"line":226,"column":21}},"226":{"start":{"line":227,"column":0},"end":{"line":227,"column":50}},"227":{"start":{"line":228,"column":0},"end":{"line":228,"column":94}},"228":{"start":{"line":229,"column":0},"end":{"line":229,"column":53}},"229":{"start":{"line":230,"column":0},"end":{"line":230,"column":46}},"230":{"start":{"line":231,"column":0},"end":{"line":231,"column":20}},"231":{"start":{"line":232,"column":0},"end":{"line":232,"column":61}},"232":{"start":{"line":233,"column":0},"end":{"line":233,"column":94}},"233":{"start":{"line":234,"column":0},"end":{"line":234,"column":43}},"234":{"start":{"line":235,"column":0},"end":{"line":235,"column":45}},"235":{"start":{"line":236,"column":0},"end":{"line":236,"column":23}},"236":{"start":{"line":237,"column":0},"end":{"line":237,"column":20}},"237":{"start":{"line":238,"column":0},"end":{"line":238,"column":18}},"239":{"start":{"line":240,"column":0},"end":{"line":240,"column":14}},"243":{"start":{"line":244,"column":0},"end":{"line":244,"column":24}},"244":{"start":{"line":245,"column":0},"end":{"line":245,"column":19}},"245":{"start":{"line":246,"column":0},"end":{"line":246,"column":29}},"246":{"start":{"line":247,"column":0},"end":{"line":247,"column":47}},"247":{"start":{"line":248,"column":0},"end":{"line":248,"column":37}},"248":{"start":{"line":249,"column":0},"end":{"line":249,"column":37}},"249":{"start":{"line":250,"column":0},"end":{"line":250,"column":10}},"251":{"start":{"line":252,"column":0},"end":{"line":252,"column":10}},"253":{"start":{"line":254,"column":0},"end":{"line":254,"column":2}},"255":{"start":{"line":256,"column":0},"end":{"line":256,"column":24}}},"s":{"0":0,"1":0,"2":0,"4":0,"5":0,"7":0,"8":0,"9":0,"10":0,"11":0,"12":0,"13":0,"14":0,"15":0,"18":0,"19":0,"20":0,"22":0,"23":0,"24":0,"27":0,"28":0,"29":0,"31":0,"32":0,"33":0,"34":0,"35":0,"36":0,"37":0,"38":0,"39":0,"40":0,"41":0,"42":0,"43":0,"45":0,"46":0,"47":0,"48":0,"49":0,"50":0,"52":0,"53":0,"54":0,"55":0,"56":0,"59":0,"60":0,"61":0,"62":0,"63":0,"64":0,"65":0,"66":0,"67":0,"70":0,"71":0,"72":0,"73":0,"74":0,"75":0,"76":0,"78":0,"79":0,"80":0,"81":0,"82":0,"83":0,"86":0,"87":0,"88":0,"89":0,"90":0,"91":0,"94":0,"95":0,"96":0,"97":0,"98":0,"99":0,"100":0,"101":0,"102":0,"103":0,"104":0,"106":0,"107":0,"108":0,"109":0,"110":0,"111":0,"112":0,"113":0,"114":0,"115":0,"116":0,"117":0,"118":0,"119":0,"120":0,"121":0,"122":0,"124":0,"125":0,"126":0,"127":0,"128":0,"129":0,"130":0,"131":0,"132":0,"133":0,"134":0,"135":0,"136":0,"137":0,"138":0,"139":0,"140":0,"141":0,"142":0,"143":0,"144":0,"145":0,"147":0,"148":0,"149":0,"150":0,"151":0,"152":0,"153":0,"154":0,"155":0,"158":0,"159":0,"160":0,"161":0,"162":0,"163":0,"165":0,"166":0,"167":0,"171":0,"172":0,"173":0,"174":0,"175":0,"179":0,"180":0,"181":0,"182":0,"183":0,"184":0,"185":0,"186":0,"188":0,"189":0,"190":0,"191":0,"192":0,"193":0,"194":0,"195":0,"196":0,"197":0,"198":0,"199":0,"200":0,"201":0,"202":0,"203":0,"204":0,"205":0,"206":0,"207":0,"208":0,"209":0,"210":0,"211":0,"212":0,"213":0,"214":0,"215":0,"216":0,"218":0,"219":0,"220":0,"221":0,"222":0,"223":0,"224":0,"225":0,"226":0,"227":0,"228":0,"229":0,"230":0,"231":0,"232":0,"233":0,"234":0,"235":0,"236":0,"237":0,"239":0,"243":0,"244":0,"245":0,"246":0,"247":0,"248":0,"249":0,"251":0,"253":0,"255":0},"branchMap":{"0":{"type":"branch","line":1,"loc":{"start":{"line":1,"column":9889},"end":{"line":256,"column":24}},"locations":[{"start":{"line":1,"column":9889},"end":{"line":256,"column":24}}]}},"b":{"0":[0]},"fnMap":{"0":{"name":"(empty-report)","decl":{"start":{"line":1,"column":9889},"end":{"line":256,"column":24}},"loc":{"start":{"line":1,"column":9889},"end":{"line":256,"column":24}},"line":1}},"f":{"0":0}}
,"/Users/Artyom_Vetlugin/AVPetProjects/ClosetAssistant/src/test/setup.ts": {"path":"/Users/Artyom_Vetlugin/AVPetProjects/ClosetAssistant/src/test/setup.ts","all":true,"statementMap":{"0":{"start":{"line":1,"column":0},"end":{"line":1,"column":41}},"1":{"start":{"line":2,"column":0},"end":{"line":2,"column":34}},"2":{"start":{"line":3,"column":0},"end":{"line":3,"column":48}},"3":{"start":{"line":4,"column":0},"end":{"line":4,"column":16}},"5":{"start":{"line":6,"column":0},"end":{"line":6,"column":17}},"6":{"start":{"line":7,"column":0},"end":{"line":7,"column":11}},"7":{"start":{"line":8,"column":0},"end":{"line":8,"column":2}}},"s":{"0":0,"1":0,"2":0,"3":0,"5":0,"6":0,"7":0},"branchMap":{"0":{"type":"branch","line":1,"loc":{"start":{"line":1,"column":0},"end":{"line":8,"column":-98}},"locations":[{"start":{"line":1,"column":0},"end":{"line":8,"column":-98}}]}},"b":{"0":[0]},"fnMap":{"0":{"name":"(empty-report)","decl":{"start":{"line":1,"column":0},"end":{"line":8,"column":-98}},"loc":{"start":{"line":1,"column":0},"end":{"line":8,"column":-98}},"line":1}},"f":{"0":0}}
}
